{"/Users/user/Documents/Workspace/Mental Math Master App/code latest/mental-math-master/mental-math-master-ui/src/App.tsx": {"path":"/Users/user/Documents/Workspace/Mental Math Master App/code latest/mental-math-master/mental-math-master-ui/src/App.tsx","statementMap":{"0":{"start":{"line":26,"column":8},"end":{"line":26,"column":null}},"1":{"start":{"line":27,"column":8},"end":{"line":27,"column":null}},"2":{"start":{"line":28,"column":94},"end":{"line":29,"column":null}},"3":{"start":{"line":30,"column":8},"end":{"line":30,"column":null}},"4":{"start":{"line":31,"column":8},"end":{"line":31,"column":null}},"5":{"start":{"line":32,"column":40},"end":{"line":32,"column":null}},"6":{"start":{"line":33,"column":38},"end":{"line":33,"column":null}},"7":{"start":{"line":45,"column":2},"end":{"line":45,"column":null}},"8":{"start":{"line":47,"column":8},"end":{"line":60,"column":null}},"9":{"start":{"line":49,"column":6},"end":{"line":57,"column":null}},"10":{"start":{"line":50,"column":8},"end":{"line":50,"column":null}},"11":{"start":{"line":51,"column":8},"end":{"line":51,"column":null}},"12":{"start":{"line":52,"column":8},"end":{"line":52,"column":null}},"13":{"start":{"line":54,"column":8},"end":{"line":54,"column":null}},"14":{"start":{"line":55,"column":8},"end":{"line":55,"column":null}},"15":{"start":{"line":56,"column":8},"end":{"line":56,"column":null}},"16":{"start":{"line":62,"column":24},"end":{"line":77,"column":null}},"17":{"start":{"line":63,"column":4},"end":{"line":76,"column":null}},"18":{"start":{"line":65,"column":8},"end":{"line":65,"column":null}},"19":{"start":{"line":67,"column":8},"end":{"line":67,"column":null}},"20":{"start":{"line":71,"column":8},"end":{"line":71,"column":null}},"21":{"start":{"line":73,"column":8},"end":{"line":73,"column":null}},"22":{"start":{"line":75,"column":8},"end":{"line":75,"column":null}},"23":{"start":{"line":79,"column":2},"end":{"line":138,"column":null}},"24":{"start":{"line":81,"column":33},"end":{"line":83,"column":null}},"25":{"start":{"line":82,"column":6},"end":{"line":82,"column":null}},"26":{"start":{"line":85,"column":17},"end":{"line":129,"column":null}},"27":{"start":{"line":86,"column":6},"end":{"line":128,"column":null}},"28":{"start":{"line":87,"column":8},"end":{"line":115,"column":null}},"29":{"start":{"line":90,"column":12},"end":{"line":94,"column":null}},"30":{"start":{"line":91,"column":14},"end":{"line":91,"column":null}},"31":{"start":{"line":92,"column":14},"end":{"line":92,"column":null}},"32":{"start":{"line":93,"column":14},"end":{"line":93,"column":null}},"33":{"start":{"line":96,"column":12},"end":{"line":109,"column":null}},"34":{"start":{"line":97,"column":28},"end":{"line":97,"column":null}},"35":{"start":{"line":98,"column":28},"end":{"line":98,"column":null}},"36":{"start":{"line":99,"column":27},"end":{"line":99,"column":null}},"37":{"start":{"line":100,"column":29},"end":{"line":100,"column":null}},"38":{"start":{"line":101,"column":14},"end":{"line":101,"column":null}},"39":{"start":{"line":102,"column":14},"end":{"line":102,"column":null}},"40":{"start":{"line":104,"column":14},"end":{"line":104,"column":null}},"41":{"start":{"line":105,"column":14},"end":{"line":105,"column":null}},"42":{"start":{"line":106,"column":14},"end":{"line":106,"column":null}},"43":{"start":{"line":108,"column":14},"end":{"line":108,"column":null}},"44":{"start":{"line":112,"column":12},"end":{"line":112,"column":null}},"45":{"start":{"line":113,"column":12},"end":{"line":113,"column":null}},"46":{"start":{"line":117,"column":8},"end":{"line":121,"column":null}},"47":{"start":{"line":118,"column":10},"end":{"line":120,"column":null}},"48":{"start":{"line":119,"column":12},"end":{"line":119,"column":null}},"49":{"start":{"line":123,"column":8},"end":{"line":123,"column":null}},"50":{"start":{"line":125,"column":8},"end":{"line":127,"column":null}},"51":{"start":{"line":126,"column":10},"end":{"line":126,"column":null}},"52":{"start":{"line":131,"column":4},"end":{"line":131,"column":null}},"53":{"start":{"line":133,"column":4},"end":{"line":136,"column":null}},"54":{"start":{"line":134,"column":6},"end":{"line":134,"column":null}},"55":{"start":{"line":135,"column":6},"end":{"line":135,"column":null}},"56":{"start":{"line":140,"column":19},"end":{"line":166,"column":null}},"57":{"start":{"line":141,"column":23},"end":{"line":141,"column":null}},"58":{"start":{"line":142,"column":4},"end":{"line":165,"column":null}},"59":{"start":{"line":143,"column":6},"end":{"line":159,"column":null}},"60":{"start":{"line":144,"column":8},"end":{"line":144,"column":null}},"61":{"start":{"line":145,"column":8},"end":{"line":145,"column":null}},"62":{"start":{"line":158,"column":8},"end":{"line":158,"column":null}},"63":{"start":{"line":160,"column":6},"end":{"line":160,"column":null}},"64":{"start":{"line":162,"column":6},"end":{"line":162,"column":null}},"65":{"start":{"line":163,"column":6},"end":{"line":163,"column":null}},"66":{"start":{"line":164,"column":6},"end":{"line":164,"column":null}},"67":{"start":{"line":168,"column":2},"end":{"line":173,"column":null}},"68":{"start":{"line":169,"column":4},"end":{"line":169,"column":null}},"69":{"start":{"line":170,"column":4},"end":{"line":172,"column":null}},"70":{"start":{"line":171,"column":6},"end":{"line":171,"column":null}},"71":{"start":{"line":175,"column":2},"end":{"line":232,"column":null}},"72":{"start":{"line":176,"column":4},"end":{"line":178,"column":null}},"73":{"start":{"line":177,"column":6},"end":{"line":177,"column":null}},"74":{"start":{"line":179,"column":4},"end":{"line":181,"column":null}},"75":{"start":{"line":180,"column":6},"end":{"line":180,"column":null}},"76":{"start":{"line":183,"column":65},"end":{"line":183,"column":null}},"77":{"start":{"line":184,"column":20},"end":{"line":184,"column":null}},"78":{"start":{"line":186,"column":34},"end":{"line":203,"column":null}},"79":{"start":{"line":187,"column":24},"end":{"line":187,"column":null}},"80":{"start":{"line":188,"column":6},"end":{"line":190,"column":null}},"81":{"start":{"line":189,"column":8},"end":{"line":189,"column":null}},"82":{"start":{"line":191,"column":6},"end":{"line":191,"column":null}},"83":{"start":{"line":193,"column":6},"end":{"line":202,"column":null}},"84":{"start":{"line":194,"column":8},"end":{"line":197,"column":null}},"85":{"start":{"line":199,"column":8},"end":{"line":199,"column":null}},"86":{"start":{"line":201,"column":8},"end":{"line":201,"column":null}},"87":{"start":{"line":205,"column":31},"end":{"line":222,"column":null}},"88":{"start":{"line":206,"column":6},"end":{"line":221,"column":null}},"89":{"start":{"line":207,"column":8},"end":{"line":207,"column":null}},"90":{"start":{"line":208,"column":32},"end":{"line":208,"column":null}},"91":{"start":{"line":209,"column":8},"end":{"line":209,"column":null}},"92":{"start":{"line":211,"column":8},"end":{"line":218,"column":null}},"93":{"start":{"line":213,"column":12},"end":{"line":215,"column":null}},"94":{"start":{"line":214,"column":14},"end":{"line":214,"column":null}},"95":{"start":{"line":216,"column":12},"end":{"line":216,"column":null}},"96":{"start":{"line":220,"column":8},"end":{"line":220,"column":null}},"97":{"start":{"line":224,"column":4},"end":{"line":224,"column":null}},"98":{"start":{"line":226,"column":4},"end":{"line":231,"column":null}},"99":{"start":{"line":227,"column":6},"end":{"line":227,"column":null}},"100":{"start":{"line":228,"column":6},"end":{"line":230,"column":null}},"101":{"start":{"line":229,"column":8},"end":{"line":229,"column":null}},"102":{"start":{"line":234,"column":2},"end":{"line":243,"column":null}},"103":{"start":{"line":235,"column":4},"end":{"line":241,"column":null}},"104":{"start":{"line":245,"column":2},"end":{"line":258,"column":null}},"105":{"start":{"line":246,"column":4},"end":{"line":256,"column":null}},"106":{"start":{"line":260,"column":2},"end":{"line":312,"column":null}},"107":{"start":{"line":300,"column":26},"end":{"line":300,"column":null}}},"fnMap":{"0":{"name":"App","decl":{"start":{"line":25,"column":24},"end":{"line":25,"column":30}},"loc":{"start":{"line":25,"column":30},"end":{"line":314,"column":null}},"line":25},"1":{"name":"(anonymous_1)","decl":{"start":{"line":48,"column":4},"end":{"line":48,"column":5}},"loc":{"start":{"line":48,"column":27},"end":{"line":58,"column":null}},"line":48},"2":{"name":"(anonymous_2)","decl":{"start":{"line":62,"column":24},"end":{"line":62,"column":25}},"loc":{"start":{"line":62,"column":58},"end":{"line":77,"column":null}},"line":62},"3":{"name":"(anonymous_3)","decl":{"start":{"line":79,"column":12},"end":{"line":79,"column":18}},"loc":{"start":{"line":79,"column":18},"end":{"line":138,"column":5}},"line":79},"4":{"name":"(anonymous_4)","decl":{"start":{"line":81,"column":51},"end":{"line":81,"column":57}},"loc":{"start":{"line":81,"column":57},"end":{"line":83,"column":7}},"line":81},"5":{"name":"(anonymous_5)","decl":{"start":{"line":85,"column":17},"end":{"line":85,"column":29}},"loc":{"start":{"line":85,"column":29},"end":{"line":129,"column":null}},"line":85},"6":{"name":"(anonymous_6)","decl":{"start":{"line":89,"column":10},"end":{"line":89,"column":17}},"loc":{"start":{"line":89,"column":34},"end":{"line":110,"column":null}},"line":89},"7":{"name":"(anonymous_7)","decl":{"start":{"line":111,"column":10},"end":{"line":111,"column":11}},"loc":{"start":{"line":111,"column":21},"end":{"line":114,"column":null}},"line":111},"8":{"name":"(anonymous_8)","decl":{"start":{"line":118,"column":53},"end":{"line":118,"column":54}},"loc":{"start":{"line":118,"column":64},"end":{"line":120,"column":11}},"line":118},"9":{"name":"(anonymous_9)","decl":{"start":{"line":133,"column":11},"end":{"line":133,"column":17}},"loc":{"start":{"line":133,"column":17},"end":{"line":136,"column":null}},"line":133},"10":{"name":"(anonymous_10)","decl":{"start":{"line":140,"column":19},"end":{"line":140,"column":26}},"loc":{"start":{"line":140,"column":40},"end":{"line":166,"column":null}},"line":140},"11":{"name":"(anonymous_11)","decl":{"start":{"line":168,"column":12},"end":{"line":168,"column":18}},"loc":{"start":{"line":168,"column":18},"end":{"line":173,"column":5}},"line":168},"12":{"name":"(anonymous_12)","decl":{"start":{"line":175,"column":12},"end":{"line":175,"column":18}},"loc":{"start":{"line":175,"column":18},"end":{"line":232,"column":5}},"line":175},"13":{"name":"(anonymous_13)","decl":{"start":{"line":186,"column":34},"end":{"line":186,"column":41}},"loc":{"start":{"line":186,"column":86},"end":{"line":203,"column":null}},"line":186},"14":{"name":"(anonymous_14)","decl":{"start":{"line":205,"column":31},"end":{"line":205,"column":43}},"loc":{"start":{"line":205,"column":43},"end":{"line":222,"column":null}},"line":205},"15":{"name":"(anonymous_15)","decl":{"start":{"line":212,"column":10},"end":{"line":212,"column":17}},"loc":{"start":{"line":212,"column":30},"end":{"line":217,"column":null}},"line":212},"16":{"name":"(anonymous_16)","decl":{"start":{"line":226,"column":11},"end":{"line":226,"column":17}},"loc":{"start":{"line":226,"column":17},"end":{"line":231,"column":null}},"line":226},"17":{"name":"(anonymous_17)","decl":{"start":{"line":299,"column":41},"end":{"line":299,"column":null}},"loc":{"start":{"line":300,"column":26},"end":{"line":300,"column":null}},"line":300}},"branchMap":{"0":{"loc":{"start":{"line":49,"column":6},"end":{"line":57,"column":null}},"type":"if","locations":[{"start":{"line":49,"column":6},"end":{"line":57,"column":null}},{"start":{"line":53,"column":13},"end":{"line":57,"column":null}}],"line":49},"1":{"loc":{"start":{"line":49,"column":10},"end":{"line":49,"column":95}},"type":"binary-expr","locations":[{"start":{"line":49,"column":10},"end":{"line":49,"column":41}},{"start":{"line":49,"column":41},"end":{"line":49,"column":70}},{"start":{"line":49,"column":70},"end":{"line":49,"column":95}}],"line":49},"2":{"loc":{"start":{"line":63,"column":4},"end":{"line":76,"column":null}},"type":"switch","locations":[{"start":{"line":64,"column":6},"end":{"line":65,"column":null}},{"start":{"line":66,"column":6},"end":{"line":67,"column":null}},{"start":{"line":68,"column":6},"end":{"line":68,"column":null}},{"start":{"line":69,"column":6},"end":{"line":69,"column":null}},{"start":{"line":70,"column":6},"end":{"line":71,"column":null}},{"start":{"line":72,"column":6},"end":{"line":73,"column":null}},{"start":{"line":74,"column":6},"end":{"line":75,"column":null}}],"line":63},"3":{"loc":{"start":{"line":90,"column":12},"end":{"line":94,"column":null}},"type":"if","locations":[{"start":{"line":90,"column":12},"end":{"line":94,"column":null}},{"start":{},"end":{}}],"line":90},"4":{"loc":{"start":{"line":98,"column":28},"end":{"line":98,"column":null}},"type":"binary-expr","locations":[{"start":{"line":98,"column":28},"end":{"line":98,"column":50}},{"start":{"line":98,"column":50},"end":{"line":98,"column":null}}],"line":98},"5":{"loc":{"start":{"line":99,"column":27},"end":{"line":99,"column":null}},"type":"binary-expr","locations":[{"start":{"line":99,"column":27},"end":{"line":99,"column":55}},{"start":{"line":99,"column":55},"end":{"line":99,"column":null}}],"line":99},"6":{"loc":{"start":{"line":100,"column":29},"end":{"line":100,"column":null}},"type":"binary-expr","locations":[{"start":{"line":100,"column":29},"end":{"line":100,"column":54}},{"start":{"line":100,"column":54},"end":{"line":100,"column":null}}],"line":100},"7":{"loc":{"start":{"line":117,"column":8},"end":{"line":121,"column":null}},"type":"if","locations":[{"start":{"line":117,"column":8},"end":{"line":121,"column":null}},{"start":{},"end":{}}],"line":117},"8":{"loc":{"start":{"line":125,"column":8},"end":{"line":127,"column":null}},"type":"if","locations":[{"start":{"line":125,"column":8},"end":{"line":127,"column":null}},{"start":{},"end":{}}],"line":125},"9":{"loc":{"start":{"line":143,"column":6},"end":{"line":159,"column":null}},"type":"if","locations":[{"start":{"line":143,"column":6},"end":{"line":159,"column":null}},{"start":{},"end":{}}],"line":143},"10":{"loc":{"start":{"line":170,"column":4},"end":{"line":172,"column":null}},"type":"if","locations":[{"start":{"line":170,"column":4},"end":{"line":172,"column":null}},{"start":{},"end":{}}],"line":170},"11":{"loc":{"start":{"line":176,"column":4},"end":{"line":178,"column":null}},"type":"if","locations":[{"start":{"line":176,"column":4},"end":{"line":178,"column":null}},{"start":{},"end":{}}],"line":176},"12":{"loc":{"start":{"line":179,"column":4},"end":{"line":181,"column":null}},"type":"if","locations":[{"start":{"line":179,"column":4},"end":{"line":181,"column":null}},{"start":{},"end":{}}],"line":179},"13":{"loc":{"start":{"line":179,"column":8},"end":{"line":179,"column":71}},"type":"binary-expr","locations":[{"start":{"line":179,"column":8},"end":{"line":179,"column":41}},{"start":{"line":179,"column":41},"end":{"line":179,"column":71}}],"line":179},"14":{"loc":{"start":{"line":187,"column":46},"end":{"line":187,"column":83}},"type":"binary-expr","locations":[{"start":{"line":187,"column":46},"end":{"line":187,"column":81}},{"start":{"line":187,"column":81},"end":{"line":187,"column":83}}],"line":187},"15":{"loc":{"start":{"line":188,"column":6},"end":{"line":190,"column":null}},"type":"if","locations":[{"start":{"line":188,"column":6},"end":{"line":190,"column":null}},{"start":{},"end":{}}],"line":188},"16":{"loc":{"start":{"line":213,"column":12},"end":{"line":215,"column":null}},"type":"if","locations":[{"start":{"line":213,"column":12},"end":{"line":215,"column":null}},{"start":{},"end":{}}],"line":213},"17":{"loc":{"start":{"line":228,"column":6},"end":{"line":230,"column":null}},"type":"if","locations":[{"start":{"line":228,"column":6},"end":{"line":230,"column":null}},{"start":{},"end":{}}],"line":228},"18":{"loc":{"start":{"line":234,"column":2},"end":{"line":243,"column":null}},"type":"if","locations":[{"start":{"line":234,"column":2},"end":{"line":243,"column":null}},{"start":{},"end":{}}],"line":234},"19":{"loc":{"start":{"line":245,"column":2},"end":{"line":258,"column":null}},"type":"if","locations":[{"start":{"line":245,"column":2},"end":{"line":258,"column":null}},{"start":{},"end":{}}],"line":245},"20":{"loc":{"start":{"line":267,"column":12},"end":{"line":272,"column":null}},"type":"cond-expr","locations":[{"start":{"line":268,"column":14},"end":{"line":268,"column":null}},{"start":{"line":269,"column":16},"end":{"line":272,"column":null}}],"line":267},"21":{"loc":{"start":{"line":267,"column":12},"end":{"line":267,"column":null}},"type":"binary-expr","locations":[{"start":{"line":267,"column":12},"end":{"line":267,"column":33}},{"start":{"line":267,"column":33},"end":{"line":267,"column":null}}],"line":267},"22":{"loc":{"start":{"line":269,"column":16},"end":{"line":272,"column":null}},"type":"cond-expr","locations":[{"start":{"line":270,"column":14},"end":{"line":270,"column":null}},{"start":{"line":272,"column":14},"end":{"line":272,"column":null}}],"line":269},"23":{"loc":{"start":{"line":279,"column":12},"end":{"line":282,"column":null}},"type":"cond-expr","locations":[{"start":{"line":280,"column":14},"end":{"line":280,"column":null}},{"start":{"line":282,"column":14},"end":{"line":282,"column":null}}],"line":279},"24":{"loc":{"start":{"line":279,"column":12},"end":{"line":279,"column":null}},"type":"binary-expr","locations":[{"start":{"line":279,"column":12},"end":{"line":279,"column":33}},{"start":{"line":279,"column":33},"end":{"line":279,"column":null}}],"line":279},"25":{"loc":{"start":{"line":289,"column":12},"end":{"line":306,"column":null}},"type":"cond-expr","locations":[{"start":{"line":290,"column":18},"end":{"line":304,"column":null}},{"start":{"line":306,"column":14},"end":{"line":306,"column":null}}],"line":289},"26":{"loc":{"start":{"line":289,"column":12},"end":{"line":289,"column":null}},"type":"binary-expr","locations":[{"start":{"line":289,"column":12},"end":{"line":289,"column":33}},{"start":{"line":289,"column":33},"end":{"line":289,"column":null}}],"line":289},"27":{"loc":{"start":{"line":292,"column":23},"end":{"line":292,"column":null}},"type":"binary-expr","locations":[{"start":{"line":292,"column":23},"end":{"line":292,"column":40}},{"start":{"line":292,"column":40},"end":{"line":292,"column":null}}],"line":292},"28":{"loc":{"start":{"line":294,"column":23},"end":{"line":294,"column":null}},"type":"binary-expr","locations":[{"start":{"line":294,"column":23},"end":{"line":294,"column":43}},{"start":{"line":294,"column":43},"end":{"line":294,"column":null}}],"line":294},"29":{"loc":{"start":{"line":296,"column":21},"end":{"line":302,"column":null}},"type":"binary-expr","locations":[{"start":{"line":296,"column":21},"end":{"line":296,"column":null}},{"start":{"line":297,"column":22},"end":{"line":302,"column":null}}],"line":296},"30":{"loc":{"start":{"line":300,"column":35},"end":{"line":300,"column":80}},"type":"cond-expr","locations":[{"start":{"line":300,"column":61},"end":{"line":300,"column":67}},{"start":{"line":300,"column":67},"end":{"line":300,"column":80}}],"line":300}},"s":{"0":0,"1":0,"2":0,"3":0,"4":0,"5":0,"6":0,"7":0,"8":0,"9":0,"10":0,"11":0,"12":0,"13":0,"14":0,"15":0,"16":0,"17":0,"18":0,"19":0,"20":0,"21":0,"22":0,"23":0,"24":0,"25":0,"26":0,"27":0,"28":0,"29":0,"30":0,"31":0,"32":0,"33":0,"34":0,"35":0,"36":0,"37":0,"38":0,"39":0,"40":0,"41":0,"42":0,"43":0,"44":0,"45":0,"46":0,"47":0,"48":0,"49":0,"50":0,"51":0,"52":0,"53":0,"54":0,"55":0,"56":0,"57":0,"58":0,"59":0,"60":0,"61":0,"62":0,"63":0,"64":0,"65":0,"66":0,"67":0,"68":0,"69":0,"70":0,"71":0,"72":0,"73":0,"74":0,"75":0,"76":0,"77":0,"78":0,"79":0,"80":0,"81":0,"82":0,"83":0,"84":0,"85":0,"86":0,"87":0,"88":0,"89":0,"90":0,"91":0,"92":0,"93":0,"94":0,"95":0,"96":0,"97":0,"98":0,"99":0,"100":0,"101":0,"102":0,"103":0,"104":0,"105":0,"106":0,"107":0},"f":{"0":0,"1":0,"2":0,"3":0,"4":0,"5":0,"6":0,"7":0,"8":0,"9":0,"10":0,"11":0,"12":0,"13":0,"14":0,"15":0,"16":0,"17":0},"b":{"0":[0,0],"1":[0,0,0],"2":[0,0,0,0,0,0,0],"3":[0,0],"4":[0,0],"5":[0,0],"6":[0,0],"7":[0,0],"8":[0,0],"9":[0,0],"10":[0,0],"11":[0,0],"12":[0,0],"13":[0,0],"14":[0,0],"15":[0,0],"16":[0,0],"17":[0,0],"18":[0,0],"19":[0,0],"20":[0,0],"21":[0,0],"22":[0,0],"23":[0,0],"24":[0,0],"25":[0,0],"26":[0,0],"27":[0,0],"28":[0,0],"29":[0,0],"30":[0,0]},"meta":{"lastBranch":31,"lastFunction":18,"lastStatement":108,"seen":{"f:25:24:25:30":0,"s:26:8:26:Infinity":0,"s:27:8:27:Infinity":1,"s:28:94:29:Infinity":2,"s:30:8:30:Infinity":3,"s:31:8:31:Infinity":4,"s:32:40:32:Infinity":5,"s:33:38:33:Infinity":6,"s:45:2:45:Infinity":7,"s:47:8:60:Infinity":8,"f:48:4:48:5":1,"b:49:6:57:Infinity:53:13:57:Infinity":0,"s:49:6:57:Infinity":9,"b:49:10:49:41:49:41:49:70:49:70:49:95":1,"s:50:8:50:Infinity":10,"s:51:8:51:Infinity":11,"s:52:8:52:Infinity":12,"s:54:8:54:Infinity":13,"s:55:8:55:Infinity":14,"s:56:8:56:Infinity":15,"s:62:24:77:Infinity":16,"f:62:24:62:25":2,"b:64:6:65:Infinity:66:6:67:Infinity:68:6:68:Infinity:69:6:69:Infinity:70:6:71:Infinity:72:6:73:Infinity:74:6:75:Infinity":2,"s:63:4:76:Infinity":17,"s:65:8:65:Infinity":18,"s:67:8:67:Infinity":19,"s:71:8:71:Infinity":20,"s:73:8:73:Infinity":21,"s:75:8:75:Infinity":22,"s:79:2:138:Infinity":23,"f:79:12:79:18":3,"s:81:33:83:Infinity":24,"f:81:51:81:57":4,"s:82:6:82:Infinity":25,"s:85:17:129:Infinity":26,"f:85:17:85:29":5,"s:86:6:128:Infinity":27,"s:87:8:115:Infinity":28,"f:89:10:89:17":6,"b:90:12:94:Infinity:undefined:undefined:undefined:undefined":3,"s:90:12:94:Infinity":29,"s:91:14:91:Infinity":30,"s:92:14:92:Infinity":31,"s:93:14:93:Infinity":32,"s:96:12:109:Infinity":33,"s:97:28:97:Infinity":34,"s:98:28:98:Infinity":35,"b:98:28:98:50:98:50:98:Infinity":4,"s:99:27:99:Infinity":36,"b:99:27:99:55:99:55:99:Infinity":5,"s:100:29:100:Infinity":37,"b:100:29:100:54:100:54:100:Infinity":6,"s:101:14:101:Infinity":38,"s:102:14:102:Infinity":39,"s:104:14:104:Infinity":40,"s:105:14:105:Infinity":41,"s:106:14:106:Infinity":42,"s:108:14:108:Infinity":43,"f:111:10:111:11":7,"s:112:12:112:Infinity":44,"s:113:12:113:Infinity":45,"b:117:8:121:Infinity:undefined:undefined:undefined:undefined":7,"s:117:8:121:Infinity":46,"s:118:10:120:Infinity":47,"f:118:53:118:54":8,"s:119:12:119:Infinity":48,"s:123:8:123:Infinity":49,"b:125:8:127:Infinity:undefined:undefined:undefined:undefined":8,"s:125:8:127:Infinity":50,"s:126:10:126:Infinity":51,"s:131:4:131:Infinity":52,"s:133:4:136:Infinity":53,"f:133:11:133:17":9,"s:134:6:134:Infinity":54,"s:135:6:135:Infinity":55,"s:140:19:166:Infinity":56,"f:140:19:140:26":10,"s:141:23:141:Infinity":57,"s:142:4:165:Infinity":58,"b:143:6:159:Infinity:undefined:undefined:undefined:undefined":9,"s:143:6:159:Infinity":59,"s:144:8:144:Infinity":60,"s:145:8:145:Infinity":61,"s:158:8:158:Infinity":62,"s:160:6:160:Infinity":63,"s:162:6:162:Infinity":64,"s:163:6:163:Infinity":65,"s:164:6:164:Infinity":66,"s:168:2:173:Infinity":67,"f:168:12:168:18":11,"s:169:4:169:Infinity":68,"b:170:4:172:Infinity:undefined:undefined:undefined:undefined":10,"s:170:4:172:Infinity":69,"s:171:6:171:Infinity":70,"s:175:2:232:Infinity":71,"f:175:12:175:18":12,"b:176:4:178:Infinity:undefined:undefined:undefined:undefined":11,"s:176:4:178:Infinity":72,"s:177:6:177:Infinity":73,"b:179:4:181:Infinity:undefined:undefined:undefined:undefined":12,"s:179:4:181:Infinity":74,"b:179:8:179:41:179:41:179:71":13,"s:180:6:180:Infinity":75,"s:183:65:183:Infinity":76,"s:184:20:184:Infinity":77,"s:186:34:203:Infinity":78,"f:186:34:186:41":13,"s:187:24:187:Infinity":79,"b:187:46:187:81:187:81:187:83":14,"b:188:6:190:Infinity:undefined:undefined:undefined:undefined":15,"s:188:6:190:Infinity":80,"s:189:8:189:Infinity":81,"s:191:6:191:Infinity":82,"s:193:6:202:Infinity":83,"s:194:8:197:Infinity":84,"s:199:8:199:Infinity":85,"s:201:8:201:Infinity":86,"s:205:31:222:Infinity":87,"f:205:31:205:43":14,"s:206:6:221:Infinity":88,"s:207:8:207:Infinity":89,"s:208:32:208:Infinity":90,"s:209:8:209:Infinity":91,"s:211:8:218:Infinity":92,"f:212:10:212:17":15,"b:213:12:215:Infinity:undefined:undefined:undefined:undefined":16,"s:213:12:215:Infinity":93,"s:214:14:214:Infinity":94,"s:216:12:216:Infinity":95,"s:220:8:220:Infinity":96,"s:224:4:224:Infinity":97,"s:226:4:231:Infinity":98,"f:226:11:226:17":16,"s:227:6:227:Infinity":99,"b:228:6:230:Infinity:undefined:undefined:undefined:undefined":17,"s:228:6:230:Infinity":100,"s:229:8:229:Infinity":101,"b:234:2:243:Infinity:undefined:undefined:undefined:undefined":18,"s:234:2:243:Infinity":102,"s:235:4:241:Infinity":103,"b:245:2:258:Infinity:undefined:undefined:undefined:undefined":19,"s:245:2:258:Infinity":104,"s:246:4:256:Infinity":105,"s:260:2:312:Infinity":106,"b:268:14:268:Infinity:269:16:272:Infinity":20,"b:267:12:267:33:267:33:267:Infinity":21,"b:270:14:270:Infinity:272:14:272:Infinity":22,"b:280:14:280:Infinity:282:14:282:Infinity":23,"b:279:12:279:33:279:33:279:Infinity":24,"b:290:18:304:Infinity:306:14:306:Infinity":25,"b:289:12:289:33:289:33:289:Infinity":26,"b:292:23:292:40:292:40:292:Infinity":27,"b:294:23:294:43:294:43:294:Infinity":28,"b:296:21:296:Infinity:297:22:302:Infinity":29,"f:299:41:299:Infinity":17,"s:300:26:300:Infinity":107,"b:300:61:300:67:300:67:300:80":30}}}
,"/Users/user/Documents/Workspace/Mental Math Master App/code latest/mental-math-master/mental-math-master-ui/src/routes.tsx": {"path":"/Users/user/Documents/Workspace/Mental Math Master App/code latest/mental-math-master/mental-math-master-ui/src/routes.tsx","statementMap":{"0":{"start":{"line":4,"column":6},"end":{"line":4,"column":null}},"1":{"start":{"line":4,"column":29},"end":{"line":4,"column":null}},"2":{"start":{"line":4,"column":75},"end":{"line":4,"column":null}},"3":{"start":{"line":5,"column":6},"end":{"line":5,"column":null}},"4":{"start":{"line":5,"column":28},"end":{"line":5,"column":null}},"5":{"start":{"line":5,"column":73},"end":{"line":5,"column":null}},"6":{"start":{"line":6,"column":6},"end":{"line":6,"column":null}},"7":{"start":{"line":6,"column":31},"end":{"line":6,"column":null}},"8":{"start":{"line":6,"column":79},"end":{"line":6,"column":null}},"9":{"start":{"line":7,"column":6},"end":{"line":7,"column":null}},"10":{"start":{"line":7,"column":27},"end":{"line":7,"column":null}},"11":{"start":{"line":7,"column":71},"end":{"line":7,"column":null}},"12":{"start":{"line":8,"column":6},"end":{"line":8,"column":null}},"13":{"start":{"line":8,"column":27},"end":{"line":8,"column":null}},"14":{"start":{"line":8,"column":71},"end":{"line":8,"column":null}},"15":{"start":{"line":9,"column":6},"end":{"line":9,"column":null}},"16":{"start":{"line":9,"column":29},"end":{"line":9,"column":null}},"17":{"start":{"line":9,"column":75},"end":{"line":9,"column":null}},"18":{"start":{"line":10,"column":6},"end":{"line":10,"column":null}},"19":{"start":{"line":10,"column":31},"end":{"line":10,"column":null}},"20":{"start":{"line":10,"column":79},"end":{"line":10,"column":null}},"21":{"start":{"line":11,"column":6},"end":{"line":11,"column":null}},"22":{"start":{"line":11,"column":27},"end":{"line":11,"column":null}},"23":{"start":{"line":11,"column":71},"end":{"line":11,"column":null}},"24":{"start":{"line":12,"column":6},"end":{"line":12,"column":null}},"25":{"start":{"line":12,"column":25},"end":{"line":12,"column":null}},"26":{"start":{"line":12,"column":67},"end":{"line":12,"column":null}},"27":{"start":{"line":13,"column":6},"end":{"line":13,"column":null}},"28":{"start":{"line":13,"column":33},"end":{"line":13,"column":null}},"29":{"start":{"line":13,"column":83},"end":{"line":13,"column":null}},"30":{"start":{"line":17,"column":2},"end":{"line":39,"column":null}}},"fnMap":{"0":{"name":"(anonymous_0)","decl":{"start":{"line":4,"column":23},"end":{"line":4,"column":29}},"loc":{"start":{"line":4,"column":29},"end":{"line":4,"column":null}},"line":4},"1":{"name":"(anonymous_1)","decl":{"start":{"line":4,"column":67},"end":{"line":4,"column":73}},"loc":{"start":{"line":4,"column":75},"end":{"line":4,"column":null}},"line":4},"2":{"name":"(anonymous_2)","decl":{"start":{"line":5,"column":22},"end":{"line":5,"column":28}},"loc":{"start":{"line":5,"column":28},"end":{"line":5,"column":null}},"line":5},"3":{"name":"(anonymous_3)","decl":{"start":{"line":5,"column":65},"end":{"line":5,"column":71}},"loc":{"start":{"line":5,"column":73},"end":{"line":5,"column":null}},"line":5},"4":{"name":"(anonymous_4)","decl":{"start":{"line":6,"column":25},"end":{"line":6,"column":31}},"loc":{"start":{"line":6,"column":31},"end":{"line":6,"column":null}},"line":6},"5":{"name":"(anonymous_5)","decl":{"start":{"line":6,"column":71},"end":{"line":6,"column":77}},"loc":{"start":{"line":6,"column":79},"end":{"line":6,"column":null}},"line":6},"6":{"name":"(anonymous_6)","decl":{"start":{"line":7,"column":21},"end":{"line":7,"column":27}},"loc":{"start":{"line":7,"column":27},"end":{"line":7,"column":null}},"line":7},"7":{"name":"(anonymous_7)","decl":{"start":{"line":7,"column":63},"end":{"line":7,"column":69}},"loc":{"start":{"line":7,"column":71},"end":{"line":7,"column":null}},"line":7},"8":{"name":"(anonymous_8)","decl":{"start":{"line":8,"column":21},"end":{"line":8,"column":27}},"loc":{"start":{"line":8,"column":27},"end":{"line":8,"column":null}},"line":8},"9":{"name":"(anonymous_9)","decl":{"start":{"line":8,"column":63},"end":{"line":8,"column":69}},"loc":{"start":{"line":8,"column":71},"end":{"line":8,"column":null}},"line":8},"10":{"name":"(anonymous_10)","decl":{"start":{"line":9,"column":23},"end":{"line":9,"column":29}},"loc":{"start":{"line":9,"column":29},"end":{"line":9,"column":null}},"line":9},"11":{"name":"(anonymous_11)","decl":{"start":{"line":9,"column":67},"end":{"line":9,"column":73}},"loc":{"start":{"line":9,"column":75},"end":{"line":9,"column":null}},"line":9},"12":{"name":"(anonymous_12)","decl":{"start":{"line":10,"column":25},"end":{"line":10,"column":31}},"loc":{"start":{"line":10,"column":31},"end":{"line":10,"column":null}},"line":10},"13":{"name":"(anonymous_13)","decl":{"start":{"line":10,"column":71},"end":{"line":10,"column":77}},"loc":{"start":{"line":10,"column":79},"end":{"line":10,"column":null}},"line":10},"14":{"name":"(anonymous_14)","decl":{"start":{"line":11,"column":21},"end":{"line":11,"column":27}},"loc":{"start":{"line":11,"column":27},"end":{"line":11,"column":null}},"line":11},"15":{"name":"(anonymous_15)","decl":{"start":{"line":11,"column":63},"end":{"line":11,"column":69}},"loc":{"start":{"line":11,"column":71},"end":{"line":11,"column":null}},"line":11},"16":{"name":"(anonymous_16)","decl":{"start":{"line":12,"column":19},"end":{"line":12,"column":25}},"loc":{"start":{"line":12,"column":25},"end":{"line":12,"column":null}},"line":12},"17":{"name":"(anonymous_17)","decl":{"start":{"line":12,"column":59},"end":{"line":12,"column":65}},"loc":{"start":{"line":12,"column":67},"end":{"line":12,"column":null}},"line":12},"18":{"name":"(anonymous_18)","decl":{"start":{"line":13,"column":27},"end":{"line":13,"column":33}},"loc":{"start":{"line":13,"column":33},"end":{"line":13,"column":null}},"line":13},"19":{"name":"(anonymous_19)","decl":{"start":{"line":13,"column":75},"end":{"line":13,"column":81}},"loc":{"start":{"line":13,"column":83},"end":{"line":13,"column":null}},"line":13},"20":{"name":"AppRoutes","decl":{"start":{"line":16,"column":16},"end":{"line":16,"column":28}},"loc":{"start":{"line":16,"column":28},"end":{"line":41,"column":null}},"line":16}},"branchMap":{},"s":{"0":0,"1":0,"2":0,"3":0,"4":0,"5":0,"6":0,"7":0,"8":0,"9":0,"10":0,"11":0,"12":0,"13":0,"14":0,"15":0,"16":0,"17":0,"18":0,"19":0,"20":0,"21":0,"22":0,"23":0,"24":0,"25":0,"26":0,"27":0,"28":0,"29":0,"30":0},"f":{"0":0,"1":0,"2":0,"3":0,"4":0,"5":0,"6":0,"7":0,"8":0,"9":0,"10":0,"11":0,"12":0,"13":0,"14":0,"15":0,"16":0,"17":0,"18":0,"19":0,"20":0},"b":{},"meta":{"lastBranch":0,"lastFunction":21,"lastStatement":31,"seen":{"s:4:6:4:Infinity":0,"f:4:23:4:29":0,"s:4:29:4:Infinity":1,"f:4:67:4:73":1,"s:4:75:4:Infinity":2,"s:5:6:5:Infinity":3,"f:5:22:5:28":2,"s:5:28:5:Infinity":4,"f:5:65:5:71":3,"s:5:73:5:Infinity":5,"s:6:6:6:Infinity":6,"f:6:25:6:31":4,"s:6:31:6:Infinity":7,"f:6:71:6:77":5,"s:6:79:6:Infinity":8,"s:7:6:7:Infinity":9,"f:7:21:7:27":6,"s:7:27:7:Infinity":10,"f:7:63:7:69":7,"s:7:71:7:Infinity":11,"s:8:6:8:Infinity":12,"f:8:21:8:27":8,"s:8:27:8:Infinity":13,"f:8:63:8:69":9,"s:8:71:8:Infinity":14,"s:9:6:9:Infinity":15,"f:9:23:9:29":10,"s:9:29:9:Infinity":16,"f:9:67:9:73":11,"s:9:75:9:Infinity":17,"s:10:6:10:Infinity":18,"f:10:25:10:31":12,"s:10:31:10:Infinity":19,"f:10:71:10:77":13,"s:10:79:10:Infinity":20,"s:11:6:11:Infinity":21,"f:11:21:11:27":14,"s:11:27:11:Infinity":22,"f:11:63:11:69":15,"s:11:71:11:Infinity":23,"s:12:6:12:Infinity":24,"f:12:19:12:25":16,"s:12:25:12:Infinity":25,"f:12:59:12:65":17,"s:12:67:12:Infinity":26,"s:13:6:13:Infinity":27,"f:13:27:13:33":18,"s:13:33:13:Infinity":28,"f:13:75:13:81":19,"s:13:83:13:Infinity":29,"f:16:16:16:28":20,"s:17:2:39:Infinity":30}}}
,"/Users/user/Documents/Workspace/Mental Math Master App/code latest/mental-math-master/mental-math-master-ui/src/components/Blogs.tsx": {"path":"/Users/user/Documents/Workspace/Mental Math Master App/code latest/mental-math-master/mental-math-master-ui/src/components/Blogs.tsx","statementMap":{"0":{"start":{"line":9,"column":59},"end":{"line":9,"column":null}},"1":{"start":{"line":10,"column":10},"end":{"line":10,"column":null}},"2":{"start":{"line":12,"column":4},"end":{"line":14,"column":null}},"3":{"start":{"line":13,"column":8},"end":{"line":13,"column":null}},"4":{"start":{"line":16,"column":4},"end":{"line":59,"column":null}},"5":{"start":{"line":22,"column":43},"end":{"line":22,"column":null}},"6":{"start":{"line":34,"column":24},"end":{"line":54,"column":null}},"7":{"start":{"line":39,"column":43},"end":{"line":39,"column":null}},"8":{"start":{"line":63,"column":21},"end":{"line":73,"column":null}},"9":{"start":{"line":64,"column":4},"end":{"line":71,"column":null}},"10":{"start":{"line":67,"column":16},"end":{"line":69,"column":null}}},"fnMap":{"0":{"name":"Blogs","decl":{"start":{"line":8,"column":16},"end":{"line":8,"column":24}},"loc":{"start":{"line":8,"column":24},"end":{"line":61,"column":null}},"line":8},"1":{"name":"(anonymous_1)","decl":{"start":{"line":12,"column":14},"end":{"line":12,"column":20}},"loc":{"start":{"line":12,"column":20},"end":{"line":14,"column":7}},"line":12},"2":{"name":"(anonymous_2)","decl":{"start":{"line":22,"column":37},"end":{"line":22,"column":43}},"loc":{"start":{"line":22,"column":43},"end":{"line":22,"column":null}},"line":22},"3":{"name":"(anonymous_3)","decl":{"start":{"line":33,"column":38},"end":{"line":33,"column":39}},"loc":{"start":{"line":34,"column":24},"end":{"line":54,"column":null}},"line":34},"4":{"name":"(anonymous_4)","decl":{"start":{"line":39,"column":37},"end":{"line":39,"column":43}},"loc":{"start":{"line":39,"column":43},"end":{"line":39,"column":null}},"line":39},"5":{"name":"(anonymous_5)","decl":{"start":{"line":63,"column":21},"end":{"line":63,"column":27}},"loc":{"start":{"line":63,"column":27},"end":{"line":73,"column":null}},"line":63},"6":{"name":"(anonymous_6)","decl":{"start":{"line":66,"column":49},"end":{"line":66,"column":50}},"loc":{"start":{"line":67,"column":16},"end":{"line":69,"column":null}},"line":67}},"branchMap":{"0":{"loc":{"start":{"line":32,"column":17},"end":{"line":56,"column":null}},"type":"binary-expr","locations":[{"start":{"line":32,"column":17},"end":{"line":32,"column":29}},{"start":{"line":32,"column":29},"end":{"line":56,"column":null}}],"line":32},"1":{"loc":{"start":{"line":33,"column":22},"end":{"line":33,"column":34}},"type":"binary-expr","locations":[{"start":{"line":33,"column":22},"end":{"line":33,"column":30}},{"start":{"line":33,"column":30},"end":{"line":33,"column":34}}],"line":33},"2":{"loc":{"start":{"line":51,"column":106},"end":{"line":51,"column":127}},"type":"binary-expr","locations":[{"start":{"line":51,"column":106},"end":{"line":51,"column":119}},{"start":{"line":51,"column":119},"end":{"line":51,"column":127}}],"line":51},"3":{"loc":{"start":{"line":57,"column":17},"end":{"line":57,"column":null}},"type":"binary-expr","locations":[{"start":{"line":57,"column":17},"end":{"line":57,"column":28}},{"start":{"line":57,"column":28},"end":{"line":57,"column":null}}],"line":57}},"s":{"0":4,"1":4,"2":4,"3":4,"4":4,"5":1,"6":3,"7":1,"8":1,"9":1,"10":10},"f":{"0":4,"1":4,"2":1,"3":3,"4":1,"5":1,"6":10},"b":{"0":[4,3],"1":[3,0],"2":[3,1],"3":[4,1]},"meta":{"lastBranch":4,"lastFunction":7,"lastStatement":11,"seen":{"f:8:16:8:24":0,"s:9:59:9:Infinity":0,"s:10:10:10:Infinity":1,"s:12:4:14:Infinity":2,"f:12:14:12:20":1,"s:13:8:13:Infinity":3,"s:16:4:59:Infinity":4,"f:22:37:22:43":2,"s:22:43:22:Infinity":5,"b:32:17:32:29:32:29:56:Infinity":0,"b:33:22:33:30:33:30:33:34":1,"f:33:38:33:39":3,"s:34:24:54:Infinity":6,"f:39:37:39:43":4,"s:39:43:39:Infinity":7,"b:51:106:51:119:51:119:51:127":2,"b:57:17:57:28:57:28:57:Infinity":3,"s:63:21:73:Infinity":8,"f:63:21:63:27":5,"s:64:4:71:Infinity":9,"f:66:49:66:50":6,"s:67:16:69:Infinity":10}}}
,"/Users/user/Documents/Workspace/Mental Math Master App/code latest/mental-math-master/mental-math-master-ui/src/components/CustomPractice.tsx": {"path":"/Users/user/Documents/Workspace/Mental Math Master App/code latest/mental-math-master/mental-math-master-ui/src/components/CustomPractice.tsx","statementMap":{"0":{"start":{"line":20,"column":34},"end":{"line":20,"column":null}},"1":{"start":{"line":21,"column":34},"end":{"line":21,"column":null}},"2":{"start":{"line":22,"column":40},"end":{"line":22,"column":null}},"3":{"start":{"line":23,"column":34},"end":{"line":23,"column":null}},"4":{"start":{"line":24,"column":36},"end":{"line":24,"column":null}},"5":{"start":{"line":25,"column":48},"end":{"line":25,"column":null}},"6":{"start":{"line":26,"column":24},"end":{"line":26,"column":null}},"7":{"start":{"line":27,"column":30},"end":{"line":27,"column":null}},"8":{"start":{"line":28,"column":27},"end":{"line":28,"column":null}},"9":{"start":{"line":30,"column":32},"end":{"line":35,"column":null}},"10":{"start":{"line":31,"column":4},"end":{"line":31,"column":null}},"11":{"start":{"line":32,"column":4},"end":{"line":34,"column":null}},"12":{"start":{"line":33,"column":6},"end":{"line":33,"column":null}},"13":{"start":{"line":37,"column":22},"end":{"line":47,"column":null}},"14":{"start":{"line":38,"column":4},"end":{"line":46,"column":null}},"15":{"start":{"line":49,"column":2},"end":{"line":262,"column":null}},"16":{"start":{"line":52,"column":23},"end":{"line":52,"column":null}},"17":{"start":{"line":84,"column":18},"end":{"line":93,"column":null}},"18":{"start":{"line":86,"column":35},"end":{"line":86,"column":null}},"19":{"start":{"line":104,"column":20},"end":{"line":113,"column":null}},"20":{"start":{"line":106,"column":37},"end":{"line":106,"column":null}},"21":{"start":{"line":124,"column":33},"end":{"line":124,"column":null}},"22":{"start":{"line":134,"column":33},"end":{"line":134,"column":null}},"23":{"start":{"line":149,"column":33},"end":{"line":149,"column":null}},"24":{"start":{"line":161,"column":33},"end":{"line":161,"column":null}},"25":{"start":{"line":172,"column":33},"end":{"line":172,"column":null}},"26":{"start":{"line":190,"column":18},"end":{"line":199,"column":null}},"27":{"start":{"line":192,"column":35},"end":{"line":192,"column":null}},"28":{"start":{"line":210,"column":18},"end":{"line":219,"column":null}},"29":{"start":{"line":212,"column":35},"end":{"line":212,"column":null}},"30":{"start":{"line":230,"column":35},"end":{"line":230,"column":null}},"31":{"start":{"line":239,"column":35},"end":{"line":239,"column":null}}},"fnMap":{"0":{"name":"CustomPractice","decl":{"start":{"line":19,"column":16},"end":{"line":19,"column":31}},"loc":{"start":{"line":19,"column":65},"end":{"line":264,"column":null}},"line":19},"1":{"name":"(anonymous_1)","decl":{"start":{"line":30,"column":32},"end":{"line":30,"column":33}},"loc":{"start":{"line":30,"column":55},"end":{"line":35,"column":null}},"line":30},"2":{"name":"(anonymous_2)","decl":{"start":{"line":37,"column":22},"end":{"line":37,"column":28}},"loc":{"start":{"line":37,"column":28},"end":{"line":47,"column":null}},"line":37},"3":{"name":"(anonymous_3)","decl":{"start":{"line":52,"column":17},"end":{"line":52,"column":23}},"loc":{"start":{"line":52,"column":23},"end":{"line":52,"column":null}},"line":52},"4":{"name":"(anonymous_4)","decl":{"start":{"line":83,"column":37},"end":{"line":83,"column":null}},"loc":{"start":{"line":84,"column":18},"end":{"line":93,"column":null}},"line":84},"5":{"name":"(anonymous_5)","decl":{"start":{"line":86,"column":29},"end":{"line":86,"column":35}},"loc":{"start":{"line":86,"column":35},"end":{"line":86,"column":null}},"line":86},"6":{"name":"(anonymous_6)","decl":{"start":{"line":103,"column":39},"end":{"line":103,"column":null}},"loc":{"start":{"line":104,"column":20},"end":{"line":113,"column":null}},"line":104},"7":{"name":"(anonymous_7)","decl":{"start":{"line":106,"column":31},"end":{"line":106,"column":37}},"loc":{"start":{"line":106,"column":37},"end":{"line":106,"column":null}},"line":106},"8":{"name":"(anonymous_8)","decl":{"start":{"line":124,"column":27},"end":{"line":124,"column":33}},"loc":{"start":{"line":124,"column":33},"end":{"line":124,"column":null}},"line":124},"9":{"name":"(anonymous_9)","decl":{"start":{"line":134,"column":27},"end":{"line":134,"column":33}},"loc":{"start":{"line":134,"column":33},"end":{"line":134,"column":null}},"line":134},"10":{"name":"(anonymous_10)","decl":{"start":{"line":149,"column":27},"end":{"line":149,"column":33}},"loc":{"start":{"line":149,"column":33},"end":{"line":149,"column":null}},"line":149},"11":{"name":"(anonymous_11)","decl":{"start":{"line":161,"column":27},"end":{"line":161,"column":33}},"loc":{"start":{"line":161,"column":33},"end":{"line":161,"column":null}},"line":161},"12":{"name":"(anonymous_12)","decl":{"start":{"line":172,"column":27},"end":{"line":172,"column":33}},"loc":{"start":{"line":172,"column":33},"end":{"line":172,"column":null}},"line":172},"13":{"name":"(anonymous_13)","decl":{"start":{"line":189,"column":42},"end":{"line":189,"column":null}},"loc":{"start":{"line":190,"column":18},"end":{"line":199,"column":null}},"line":190},"14":{"name":"(anonymous_14)","decl":{"start":{"line":192,"column":29},"end":{"line":192,"column":35}},"loc":{"start":{"line":192,"column":35},"end":{"line":192,"column":null}},"line":192},"15":{"name":"(anonymous_15)","decl":{"start":{"line":209,"column":44},"end":{"line":209,"column":null}},"loc":{"start":{"line":210,"column":18},"end":{"line":219,"column":null}},"line":210},"16":{"name":"(anonymous_16)","decl":{"start":{"line":212,"column":29},"end":{"line":212,"column":35}},"loc":{"start":{"line":212,"column":35},"end":{"line":212,"column":null}},"line":212},"17":{"name":"(anonymous_17)","decl":{"start":{"line":230,"column":29},"end":{"line":230,"column":35}},"loc":{"start":{"line":230,"column":35},"end":{"line":230,"column":null}},"line":230},"18":{"name":"(anonymous_18)","decl":{"start":{"line":239,"column":29},"end":{"line":239,"column":35}},"loc":{"start":{"line":239,"column":35},"end":{"line":239,"column":null}},"line":239}},"branchMap":{"0":{"loc":{"start":{"line":32,"column":4},"end":{"line":34,"column":null}},"type":"if","locations":[{"start":{"line":32,"column":4},"end":{"line":34,"column":null}},{"start":{},"end":{}}],"line":32},"1":{"loc":{"start":{"line":40,"column":21},"end":{"line":40,"column":null}},"type":"cond-expr","locations":[{"start":{"line":40,"column":40},"end":{"line":40,"column":56}},{"start":{"line":40,"column":56},"end":{"line":40,"column":null}}],"line":40},"2":{"loc":{"start":{"line":42,"column":19},"end":{"line":42,"column":null}},"type":"cond-expr","locations":[{"start":{"line":42,"column":38},"end":{"line":42,"column":42}},{"start":{"line":42,"column":42},"end":{"line":42,"column":null}}],"line":42},"3":{"loc":{"start":{"line":61,"column":39},"end":{"line":61,"column":60}},"type":"cond-expr","locations":[{"start":{"line":61,"column":52},"end":{"line":61,"column":58}},{"start":{"line":61,"column":58},"end":{"line":61,"column":60}}],"line":61},"4":{"loc":{"start":{"line":69,"column":18},"end":{"line":69,"column":null}},"type":"cond-expr","locations":[{"start":{"line":69,"column":31},"end":{"line":69,"column":40}},{"start":{"line":69,"column":40},"end":{"line":69,"column":null}}],"line":69},"5":{"loc":{"start":{"line":70,"column":19},"end":{"line":70,"column":null}},"type":"cond-expr","locations":[{"start":{"line":70,"column":32},"end":{"line":70,"column":36}},{"start":{"line":70,"column":36},"end":{"line":70,"column":null}}],"line":70},"6":{"loc":{"start":{"line":80,"column":17},"end":{"line":80,"column":null}},"type":"cond-expr","locations":[{"start":{"line":80,"column":36},"end":{"line":80,"column":69}},{"start":{"line":80,"column":69},"end":{"line":80,"column":null}}],"line":80},"7":{"loc":{"start":{"line":87,"column":82},"end":{"line":89,"column":null}},"type":"cond-expr","locations":[{"start":{"line":88,"column":24},"end":{"line":88,"column":null}},{"start":{"line":89,"column":24},"end":{"line":89,"column":null}}],"line":87},"8":{"loc":{"start":{"line":99,"column":13},"end":{"line":116,"column":null}},"type":"binary-expr","locations":[{"start":{"line":99,"column":13},"end":{"line":99,"column":null}},{"start":{"line":100,"column":14},"end":{"line":116,"column":null}}],"line":99},"9":{"loc":{"start":{"line":107,"column":84},"end":{"line":109,"column":null}},"type":"cond-expr","locations":[{"start":{"line":108,"column":26},"end":{"line":108,"column":null}},{"start":{"line":109,"column":26},"end":{"line":109,"column":null}}],"line":107},"10":{"loc":{"start":{"line":131,"column":19},"end":{"line":131,"column":null}},"type":"cond-expr","locations":[{"start":{"line":131,"column":38},"end":{"line":131,"column":42}},{"start":{"line":131,"column":42},"end":{"line":131,"column":null}}],"line":131},"11":{"loc":{"start":{"line":150,"column":100},"end":{"line":152,"column":null}},"type":"cond-expr","locations":[{"start":{"line":151,"column":24},"end":{"line":151,"column":null}},{"start":{"line":152,"column":24},"end":{"line":152,"column":null}}],"line":150},"12":{"loc":{"start":{"line":162,"column":100},"end":{"line":164,"column":null}},"type":"cond-expr","locations":[{"start":{"line":163,"column":24},"end":{"line":163,"column":null}},{"start":{"line":164,"column":24},"end":{"line":164,"column":null}}],"line":162},"13":{"loc":{"start":{"line":173,"column":100},"end":{"line":175,"column":null}},"type":"cond-expr","locations":[{"start":{"line":174,"column":24},"end":{"line":174,"column":null}},{"start":{"line":175,"column":24},"end":{"line":175,"column":null}}],"line":173},"14":{"loc":{"start":{"line":193,"column":82},"end":{"line":195,"column":null}},"type":"cond-expr","locations":[{"start":{"line":194,"column":24},"end":{"line":194,"column":null}},{"start":{"line":195,"column":24},"end":{"line":195,"column":null}}],"line":193},"15":{"loc":{"start":{"line":206,"column":13},"end":{"line":222,"column":null}},"type":"binary-expr","locations":[{"start":{"line":206,"column":13},"end":{"line":206,"column":37}},{"start":{"line":206,"column":37},"end":{"line":222,"column":null}}],"line":206},"16":{"loc":{"start":{"line":213,"column":82},"end":{"line":215,"column":null}},"type":"cond-expr","locations":[{"start":{"line":214,"column":24},"end":{"line":214,"column":null}},{"start":{"line":215,"column":24},"end":{"line":215,"column":null}}],"line":213},"17":{"loc":{"start":{"line":225,"column":13},"end":{"line":245,"column":null}},"type":"binary-expr","locations":[{"start":{"line":225,"column":13},"end":{"line":225,"column":null}},{"start":{"line":226,"column":14},"end":{"line":245,"column":null}}],"line":225}},"s":{"0":20,"1":20,"2":20,"3":20,"4":20,"5":20,"6":20,"7":20,"8":20,"9":20,"10":6,"11":6,"12":4,"13":20,"14":4,"15":20,"16":2,"17":100,"18":1,"19":20,"20":0,"21":0,"22":0,"23":1,"24":1,"25":4,"26":40,"27":1,"28":90,"29":0,"30":0,"31":0},"f":{"0":20,"1":6,"2":4,"3":2,"4":100,"5":1,"6":20,"7":0,"8":0,"9":0,"10":1,"11":1,"12":4,"13":40,"14":1,"15":90,"16":0,"17":0,"18":0},"b":{"0":[4,2],"1":[2,2],"2":[2,2],"3":[19,1],"4":[19,1],"5":[19,1],"6":[4,16],"7":[20,80],"8":[20,4],"9":[4,16],"10":[4,16],"11":[15,5],"12":[1,19],"13":[4,16],"14":[20,20],"15":[20,18],"16":[18,72],"17":[20,2]},"meta":{"lastBranch":18,"lastFunction":19,"lastStatement":32,"seen":{"f:19:16:19:31":0,"s:20:34:20:Infinity":0,"s:21:34:21:Infinity":1,"s:22:40:22:Infinity":2,"s:23:34:23:Infinity":3,"s:24:36:24:Infinity":4,"s:25:48:25:Infinity":5,"s:26:24:26:Infinity":6,"s:27:30:27:Infinity":7,"s:28:27:28:Infinity":8,"s:30:32:35:Infinity":9,"f:30:32:30:33":1,"s:31:4:31:Infinity":10,"b:32:4:34:Infinity:undefined:undefined:undefined:undefined":0,"s:32:4:34:Infinity":11,"s:33:6:33:Infinity":12,"s:37:22:47:Infinity":13,"f:37:22:37:28":2,"s:38:4:46:Infinity":14,"b:40:40:40:56:40:56:40:Infinity":1,"b:42:38:42:42:42:42:42:Infinity":2,"s:49:2:262:Infinity":15,"f:52:17:52:23":3,"s:52:23:52:Infinity":16,"b:61:52:61:58:61:58:61:60":3,"b:69:31:69:40:69:40:69:Infinity":4,"b:70:32:70:36:70:36:70:Infinity":5,"b:80:36:80:69:80:69:80:Infinity":6,"f:83:37:83:Infinity":4,"s:84:18:93:Infinity":17,"f:86:29:86:35":5,"s:86:35:86:Infinity":18,"b:88:24:88:Infinity:89:24:89:Infinity":7,"b:99:13:99:Infinity:100:14:116:Infinity":8,"f:103:39:103:Infinity":6,"s:104:20:113:Infinity":19,"f:106:31:106:37":7,"s:106:37:106:Infinity":20,"b:108:26:108:Infinity:109:26:109:Infinity":9,"f:124:27:124:33":8,"s:124:33:124:Infinity":21,"b:131:38:131:42:131:42:131:Infinity":10,"f:134:27:134:33":9,"s:134:33:134:Infinity":22,"f:149:27:149:33":10,"s:149:33:149:Infinity":23,"b:151:24:151:Infinity:152:24:152:Infinity":11,"f:161:27:161:33":11,"s:161:33:161:Infinity":24,"b:163:24:163:Infinity:164:24:164:Infinity":12,"f:172:27:172:33":12,"s:172:33:172:Infinity":25,"b:174:24:174:Infinity:175:24:175:Infinity":13,"f:189:42:189:Infinity":13,"s:190:18:199:Infinity":26,"f:192:29:192:35":14,"s:192:35:192:Infinity":27,"b:194:24:194:Infinity:195:24:195:Infinity":14,"b:206:13:206:37:206:37:222:Infinity":15,"f:209:44:209:Infinity":15,"s:210:18:219:Infinity":28,"f:212:29:212:35":16,"s:212:35:212:Infinity":29,"b:214:24:214:Infinity:215:24:215:Infinity":16,"b:225:13:225:Infinity:226:14:245:Infinity":17,"f:230:29:230:35":17,"s:230:35:230:Infinity":30,"f:239:29:239:35":18,"s:239:35:239:Infinity":31}}}
,"/Users/user/Documents/Workspace/Mental Math Master App/code latest/mental-math-master/mental-math-master-ui/src/components/Dashboard.tsx": {"path":"/Users/user/Documents/Workspace/Mental Math Master App/code latest/mental-math-master/mental-math-master-ui/src/components/Dashboard.tsx","statementMap":{"0":{"start":{"line":22,"column":8},"end":{"line":22,"column":null}},"1":{"start":{"line":31,"column":2},"end":{"line":31,"column":null}},"2":{"start":{"line":32,"column":6},"end":{"line":32,"column":null}},"3":{"start":{"line":33,"column":6},"end":{"line":33,"column":null}},"4":{"start":{"line":36,"column":26},"end":{"line":47,"column":null}},"5":{"start":{"line":48,"column":28},"end":{"line":59,"column":null}},"6":{"start":{"line":60,"column":2},"end":{"line":60,"column":null}},"7":{"start":{"line":60,"column":32},"end":{"line":60,"column":null}},"8":{"start":{"line":61,"column":2},"end":{"line":61,"column":null}},"9":{"start":{"line":61,"column":34},"end":{"line":61,"column":null}},"10":{"start":{"line":62,"column":28},"end":{"line":62,"column":null}},"11":{"start":{"line":63,"column":60},"end":{"line":63,"column":null}},"12":{"start":{"line":66,"column":42},"end":{"line":70,"column":null}},"13":{"start":{"line":67,"column":4},"end":{"line":69,"column":null}},"14":{"start":{"line":71,"column":46},"end":{"line":75,"column":null}},"15":{"start":{"line":72,"column":4},"end":{"line":74,"column":null}},"16":{"start":{"line":78,"column":2},"end":{"line":80,"column":null}},"17":{"start":{"line":79,"column":4},"end":{"line":79,"column":null}},"18":{"start":{"line":82,"column":2},"end":{"line":85,"column":null}},"19":{"start":{"line":83,"column":4},"end":{"line":83,"column":null}},"20":{"start":{"line":84,"column":4},"end":{"line":84,"column":null}},"21":{"start":{"line":87,"column":2},"end":{"line":90,"column":null}},"22":{"start":{"line":88,"column":4},"end":{"line":88,"column":null}},"23":{"start":{"line":89,"column":4},"end":{"line":89,"column":null}},"24":{"start":{"line":94,"column":23},"end":{"line":101,"column":null}},"25":{"start":{"line":95,"column":4},"end":{"line":95,"column":null}},"26":{"start":{"line":96,"column":4},"end":{"line":100,"column":null}},"27":{"start":{"line":97,"column":6},"end":{"line":97,"column":null}},"28":{"start":{"line":99,"column":6},"end":{"line":99,"column":null}},"29":{"start":{"line":103,"column":27},"end":{"line":126,"column":null}},"30":{"start":{"line":112,"column":29},"end":{"line":123,"column":null}},"31":{"start":{"line":124,"column":4},"end":{"line":124,"column":null}},"32":{"start":{"line":125,"column":4},"end":{"line":125,"column":null}},"33":{"start":{"line":128,"column":2},"end":{"line":252,"column":null}},"34":{"start":{"line":204,"column":18},"end":{"line":210,"column":null}},"35":{"start":{"line":208,"column":38},"end":{"line":208,"column":null}},"36":{"start":{"line":231,"column":18},"end":{"line":237,"column":null}},"37":{"start":{"line":235,"column":38},"end":{"line":235,"column":null}},"38":{"start":{"line":256,"column":36},"end":{"line":266,"column":null}},"39":{"start":{"line":257,"column":2},"end":{"line":264,"column":null}},"40":{"start":{"line":260,"column":8},"end":{"line":262,"column":null}},"41":{"start":{"line":268,"column":33},"end":{"line":274,"column":null}},"42":{"start":{"line":269,"column":2},"end":{"line":272,"column":null}},"43":{"start":{"line":276,"column":20},"end":{"line":449,"column":null}},"44":{"start":{"line":277,"column":2},"end":{"line":449,"column":null}},"45":{"start":{"line":457,"column":19},"end":{"line":475,"column":null}},"46":{"start":{"line":459,"column":4},"end":{"line":472,"column":null}},"47":{"start":{"line":477,"column":0},"end":{"line":477,"column":null}}},"fnMap":{"0":{"name":"Dashboard","decl":{"start":{"line":21,"column":16},"end":{"line":21,"column":28}},"loc":{"start":{"line":21,"column":28},"end":{"line":254,"column":null}},"line":21},"1":{"name":"(anonymous_1)","decl":{"start":{"line":66,"column":55},"end":{"line":66,"column":61}},"loc":{"start":{"line":66,"column":61},"end":{"line":70,"column":3}},"line":66},"2":{"name":"(anonymous_2)","decl":{"start":{"line":71,"column":59},"end":{"line":71,"column":null}},"loc":{"start":{"line":72,"column":4},"end":{"line":74,"column":null}},"line":72},"3":{"name":"(anonymous_3)","decl":{"start":{"line":78,"column":12},"end":{"line":78,"column":18}},"loc":{"start":{"line":78,"column":18},"end":{"line":80,"column":5}},"line":78},"4":{"name":"(anonymous_4)","decl":{"start":{"line":82,"column":12},"end":{"line":82,"column":18}},"loc":{"start":{"line":82,"column":18},"end":{"line":85,"column":5}},"line":82},"5":{"name":"(anonymous_5)","decl":{"start":{"line":87,"column":12},"end":{"line":87,"column":18}},"loc":{"start":{"line":87,"column":18},"end":{"line":90,"column":5}},"line":87},"6":{"name":"(anonymous_6)","decl":{"start":{"line":94,"column":23},"end":{"line":94,"column":24}},"loc":{"start":{"line":94,"column":46},"end":{"line":101,"column":null}},"line":94},"7":{"name":"(anonymous_7)","decl":{"start":{"line":103,"column":27},"end":{"line":103,"column":28}},"loc":{"start":{"line":111,"column":8},"end":{"line":126,"column":null}},"line":111},"8":{"name":"(anonymous_8)","decl":{"start":{"line":203,"column":37},"end":{"line":203,"column":38}},"loc":{"start":{"line":204,"column":18},"end":{"line":210,"column":null}},"line":204},"9":{"name":"(anonymous_9)","decl":{"start":{"line":208,"column":32},"end":{"line":208,"column":38}},"loc":{"start":{"line":208,"column":38},"end":{"line":208,"column":null}},"line":208},"10":{"name":"(anonymous_10)","decl":{"start":{"line":230,"column":39},"end":{"line":230,"column":40}},"loc":{"start":{"line":231,"column":18},"end":{"line":237,"column":null}},"line":231},"11":{"name":"(anonymous_11)","decl":{"start":{"line":235,"column":32},"end":{"line":235,"column":38}},"loc":{"start":{"line":235,"column":38},"end":{"line":235,"column":null}},"line":235},"12":{"name":"(anonymous_12)","decl":{"start":{"line":256,"column":36},"end":{"line":256,"column":42}},"loc":{"start":{"line":256,"column":42},"end":{"line":266,"column":null}},"line":256},"13":{"name":"(anonymous_13)","decl":{"start":{"line":259,"column":37},"end":{"line":259,"column":null}},"loc":{"start":{"line":260,"column":8},"end":{"line":262,"column":null}},"line":260},"14":{"name":"(anonymous_14)","decl":{"start":{"line":268,"column":33},"end":{"line":268,"column":39}},"loc":{"start":{"line":268,"column":39},"end":{"line":274,"column":null}},"line":268},"15":{"name":"(anonymous_15)","decl":{"start":{"line":276,"column":20},"end":{"line":276,"column":21}},"loc":{"start":{"line":277,"column":2},"end":{"line":449,"column":null}},"line":277},"16":{"name":"(anonymous_16)","decl":{"start":{"line":458,"column":2},"end":{"line":458,"column":3}},"loc":{"start":{"line":458,"column":55},"end":{"line":474,"column":null}},"line":458}},"branchMap":{"0":{"loc":{"start":{"line":60,"column":2},"end":{"line":60,"column":null}},"type":"if","locations":[{"start":{"line":60,"column":2},"end":{"line":60,"column":null}},{"start":{},"end":{}}],"line":60},"1":{"loc":{"start":{"line":61,"column":2},"end":{"line":61,"column":null}},"type":"if","locations":[{"start":{"line":61,"column":2},"end":{"line":61,"column":null}},{"start":{},"end":{}}],"line":61},"2":{"loc":{"start":{"line":67,"column":11},"end":{"line":69,"column":null}},"type":"cond-expr","locations":[{"start":{"line":68,"column":8},"end":{"line":68,"column":null}},{"start":{"line":69,"column":8},"end":{"line":69,"column":null}}],"line":67},"3":{"loc":{"start":{"line":72,"column":4},"end":{"line":74,"column":null}},"type":"cond-expr","locations":[{"start":{"line":73,"column":8},"end":{"line":73,"column":null}},{"start":{"line":74,"column":8},"end":{"line":74,"column":null}}],"line":72},"4":{"loc":{"start":{"line":96,"column":4},"end":{"line":100,"column":null}},"type":"if","locations":[{"start":{"line":96,"column":4},"end":{"line":100,"column":null}},{"start":{"line":98,"column":11},"end":{"line":100,"column":null}}],"line":96},"5":{"loc":{"start":{"line":116,"column":21},"end":{"line":116,"column":null}},"type":"binary-expr","locations":[{"start":{"line":116,"column":21},"end":{"line":116,"column":47}},{"start":{"line":116,"column":47},"end":{"line":116,"column":null}}],"line":116},"6":{"loc":{"start":{"line":120,"column":13},"end":{"line":120,"column":null}},"type":"binary-expr","locations":[{"start":{"line":120,"column":13},"end":{"line":120,"column":31}},{"start":{"line":120,"column":31},"end":{"line":120,"column":null}}],"line":120},"7":{"loc":{"start":{"line":121,"column":25},"end":{"line":121,"column":null}},"type":"binary-expr","locations":[{"start":{"line":121,"column":25},"end":{"line":121,"column":55}},{"start":{"line":121,"column":55},"end":{"line":121,"column":null}}],"line":121},"8":{"loc":{"start":{"line":125,"column":13},"end":{"line":125,"column":74}},"type":"cond-expr","locations":[{"start":{"line":125,"column":45},"end":{"line":125,"column":60}},{"start":{"line":125,"column":60},"end":{"line":125,"column":74}}],"line":125},"9":{"loc":{"start":{"line":143,"column":9},"end":{"line":188,"column":null}},"type":"cond-expr","locations":[{"start":{"line":144,"column":10},"end":{"line":144,"column":null}},{"start":{"line":146,"column":10},"end":{"line":188,"column":null}}],"line":143},"10":{"loc":{"start":{"line":152,"column":21},"end":{"line":152,"column":null}},"type":"binary-expr","locations":[{"start":{"line":152,"column":21},"end":{"line":152,"column":51}},{"start":{"line":152,"column":51},"end":{"line":152,"column":null}}],"line":152},"11":{"loc":{"start":{"line":163,"column":21},"end":{"line":166,"column":null}},"type":"cond-expr","locations":[{"start":{"line":164,"column":22},"end":{"line":164,"column":null}},{"start":{"line":166,"column":22},"end":{"line":166,"column":null}}],"line":163},"12":{"loc":{"start":{"line":178,"column":21},"end":{"line":181,"column":null}},"type":"cond-expr","locations":[{"start":{"line":179,"column":22},"end":{"line":179,"column":null}},{"start":{"line":181,"column":22},"end":{"line":181,"column":null}}],"line":178},"13":{"loc":{"start":{"line":200,"column":15},"end":{"line":211,"column":null}},"type":"cond-expr","locations":[{"start":{"line":201,"column":16},"end":{"line":201,"column":null}},{"start":{"line":203,"column":16},"end":{"line":211,"column":null}}],"line":200},"14":{"loc":{"start":{"line":227,"column":15},"end":{"line":238,"column":null}},"type":"cond-expr","locations":[{"start":{"line":228,"column":16},"end":{"line":228,"column":null}},{"start":{"line":230,"column":16},"end":{"line":238,"column":null}}],"line":227}},"s":{"0":11,"1":11,"2":11,"3":11,"4":11,"5":11,"6":11,"7":1,"8":11,"9":1,"10":11,"11":11,"12":11,"13":11,"14":11,"15":11,"16":11,"17":11,"18":11,"19":11,"20":11,"21":11,"22":11,"23":11,"24":11,"25":2,"26":2,"27":1,"28":1,"29":11,"30":2,"31":2,"32":2,"33":11,"34":10,"35":1,"36":10,"37":1,"38":1,"39":2,"40":16,"41":1,"42":1,"43":1,"44":22,"45":1,"46":264,"47":1},"f":{"0":11,"1":11,"2":11,"3":11,"4":11,"5":11,"6":2,"7":2,"8":10,"9":1,"10":10,"11":1,"12":2,"13":16,"14":1,"15":22,"16":264},"b":{"0":[1,10],"1":[1,10],"2":[0,11],"3":[0,11],"4":[1,1],"5":[2,2],"6":[2,2],"7":[2,2],"8":[1,1],"9":[1,10],"10":[10,0],"11":[0,10],"12":[0,10],"13":[1,10],"14":[1,10]},"meta":{"lastBranch":15,"lastFunction":17,"lastStatement":48,"seen":{"f:21:16:21:28":0,"s:22:8:22:Infinity":0,"s:31:2:31:Infinity":1,"s:32:6:32:Infinity":2,"s:33:6:33:Infinity":3,"s:36:26:47:Infinity":4,"s:48:28:59:Infinity":5,"b:60:2:60:Infinity:undefined:undefined:undefined:undefined":0,"s:60:2:60:Infinity":6,"s:60:32:60:Infinity":7,"b:61:2:61:Infinity:undefined:undefined:undefined:undefined":1,"s:61:2:61:Infinity":8,"s:61:34:61:Infinity":9,"s:62:28:62:Infinity":10,"s:63:60:63:Infinity":11,"s:66:42:70:Infinity":12,"f:66:55:66:61":1,"s:67:4:69:Infinity":13,"b:68:8:68:Infinity:69:8:69:Infinity":2,"s:71:46:75:Infinity":14,"f:71:59:71:Infinity":2,"s:72:4:74:Infinity":15,"b:73:8:73:Infinity:74:8:74:Infinity":3,"s:78:2:80:Infinity":16,"f:78:12:78:18":3,"s:79:4:79:Infinity":17,"s:82:2:85:Infinity":18,"f:82:12:82:18":4,"s:83:4:83:Infinity":19,"s:84:4:84:Infinity":20,"s:87:2:90:Infinity":21,"f:87:12:87:18":5,"s:88:4:88:Infinity":22,"s:89:4:89:Infinity":23,"s:94:23:101:Infinity":24,"f:94:23:94:24":6,"s:95:4:95:Infinity":25,"b:96:4:100:Infinity:98:11:100:Infinity":4,"s:96:4:100:Infinity":26,"s:97:6:97:Infinity":27,"s:99:6:99:Infinity":28,"s:103:27:126:Infinity":29,"f:103:27:103:28":7,"s:112:29:123:Infinity":30,"b:116:21:116:47:116:47:116:Infinity":5,"b:120:13:120:31:120:31:120:Infinity":6,"b:121:25:121:55:121:55:121:Infinity":7,"s:124:4:124:Infinity":31,"s:125:4:125:Infinity":32,"b:125:45:125:60:125:60:125:74":8,"s:128:2:252:Infinity":33,"b:144:10:144:Infinity:146:10:188:Infinity":9,"b:152:21:152:51:152:51:152:Infinity":10,"b:164:22:164:Infinity:166:22:166:Infinity":11,"b:179:22:179:Infinity:181:22:181:Infinity":12,"b:201:16:201:Infinity:203:16:211:Infinity":13,"f:203:37:203:38":8,"s:204:18:210:Infinity":34,"f:208:32:208:38":9,"s:208:38:208:Infinity":35,"b:228:16:228:Infinity:230:16:238:Infinity":14,"f:230:39:230:40":10,"s:231:18:237:Infinity":36,"f:235:32:235:38":11,"s:235:38:235:Infinity":37,"s:256:36:266:Infinity":38,"f:256:36:256:42":12,"s:257:2:264:Infinity":39,"f:259:37:259:Infinity":13,"s:260:8:262:Infinity":40,"s:268:33:274:Infinity":41,"f:268:33:268:39":14,"s:269:2:272:Infinity":42,"s:276:20:449:Infinity":43,"f:276:20:276:21":15,"s:277:2:449:Infinity":44,"s:457:19:475:Infinity":45,"f:458:2:458:3":16,"s:459:4:472:Infinity":46,"s:477:0:477:Infinity":47}}}
,"/Users/user/Documents/Workspace/Mental Math Master App/code latest/mental-math-master/mental-math-master-ui/src/components/ErrorBoundary.tsx": {"path":"/Users/user/Documents/Workspace/Mental Math Master App/code latest/mental-math-master/mental-math-master-ui/src/components/ErrorBoundary.tsx","statementMap":{"0":{"start":{"line":11,"column":38},"end":{"line":11,"column":null}},"1":{"start":{"line":13,"column":25},"end":{"line":17,"column":null}},"2":{"start":{"line":14,"column":4},"end":{"line":14,"column":null}},"3":{"start":{"line":15,"column":4},"end":{"line":15,"column":null}},"4":{"start":{"line":16,"column":4},"end":{"line":16,"column":null}},"5":{"start":{"line":19,"column":2},"end":{"line":99,"column":null}},"6":{"start":{"line":74,"column":31},"end":{"line":74,"column":null}},"7":{"start":{"line":75,"column":30},"end":{"line":75,"column":null}},"8":{"start":{"line":92,"column":31},"end":{"line":92,"column":null}},"9":{"start":{"line":93,"column":30},"end":{"line":93,"column":null}},"10":{"start":{"line":104,"column":2},"end":{"line":112,"column":null}},"11":{"start":{"line":108,"column":8},"end":{"line":108,"column":null}}},"fnMap":{"0":{"name":"ErrorFallback","decl":{"start":{"line":10,"column":9},"end":{"line":10,"column":23}},"loc":{"start":{"line":10,"column":59},"end":{"line":101,"column":null}},"line":10},"1":{"name":"(anonymous_1)","decl":{"start":{"line":13,"column":25},"end":{"line":13,"column":37}},"loc":{"start":{"line":13,"column":37},"end":{"line":17,"column":null}},"line":13},"2":{"name":"(anonymous_2)","decl":{"start":{"line":74,"column":25},"end":{"line":74,"column":31}},"loc":{"start":{"line":74,"column":31},"end":{"line":74,"column":null}},"line":74},"3":{"name":"(anonymous_3)","decl":{"start":{"line":75,"column":24},"end":{"line":75,"column":30}},"loc":{"start":{"line":75,"column":30},"end":{"line":75,"column":null}},"line":75},"4":{"name":"(anonymous_4)","decl":{"start":{"line":92,"column":25},"end":{"line":92,"column":31}},"loc":{"start":{"line":92,"column":31},"end":{"line":92,"column":null}},"line":92},"5":{"name":"(anonymous_5)","decl":{"start":{"line":93,"column":24},"end":{"line":93,"column":30}},"loc":{"start":{"line":93,"column":30},"end":{"line":93,"column":null}},"line":93},"6":{"name":"ErrorBoundary","decl":{"start":{"line":103,"column":24},"end":{"line":103,"column":38}},"loc":{"start":{"line":103,"column":59},"end":{"line":114,"column":null}},"line":103},"7":{"name":"(anonymous_7)","decl":{"start":{"line":107,"column":15},"end":{"line":107,"column":16}},"loc":{"start":{"line":107,"column":37},"end":{"line":109,"column":null}},"line":107}},"branchMap":{"0":{"loc":{"start":{"line":58,"column":11},"end":{"line":58,"column":null}},"type":"binary-expr","locations":[{"start":{"line":58,"column":11},"end":{"line":58,"column":29}},{"start":{"line":58,"column":29},"end":{"line":58,"column":null}}],"line":58}},"s":{"0":10,"1":10,"2":1,"3":1,"4":1,"5":10,"6":0,"7":0,"8":0,"9":0,"10":10,"11":5},"f":{"0":10,"1":1,"2":0,"3":0,"4":0,"5":0,"6":10,"7":5},"b":{"0":[10,2]},"meta":{"lastBranch":1,"lastFunction":8,"lastStatement":12,"seen":{"f:10:9:10:23":0,"s:11:38:11:Infinity":0,"s:13:25:17:Infinity":1,"f:13:25:13:37":1,"s:14:4:14:Infinity":2,"s:15:4:15:Infinity":3,"s:16:4:16:Infinity":4,"s:19:2:99:Infinity":5,"b:58:11:58:29:58:29:58:Infinity":0,"f:74:25:74:31":2,"s:74:31:74:Infinity":6,"f:75:24:75:30":3,"s:75:30:75:Infinity":7,"f:92:25:92:31":4,"s:92:31:92:Infinity":8,"f:93:24:93:30":5,"s:93:30:93:Infinity":9,"f:103:24:103:38":6,"s:104:2:112:Infinity":10,"f:107:15:107:16":7,"s:108:8:108:Infinity":11}}}
,"/Users/user/Documents/Workspace/Mental Math Master App/code latest/mental-math-master/mental-math-master-ui/src/components/FlashGame.tsx": {"path":"/Users/user/Documents/Workspace/Mental Math Master App/code latest/mental-math-master/mental-math-master-ui/src/components/FlashGame.tsx","statementMap":{"0":{"start":{"line":20,"column":24},"end":{"line":26,"column":null}},"1":{"start":{"line":21,"column":17},"end":{"line":21,"column":null}},"2":{"start":{"line":22,"column":2},"end":{"line":24,"column":null}},"3":{"start":{"line":23,"column":4},"end":{"line":23,"column":null}},"4":{"start":{"line":25,"column":2},"end":{"line":25,"column":null}},"5":{"start":{"line":29,"column":8},"end":{"line":29,"column":null}},"6":{"start":{"line":30,"column":32},"end":{"line":30,"column":null}},"7":{"start":{"line":31,"column":28},"end":{"line":31,"column":null}},"8":{"start":{"line":32,"column":38},"end":{"line":32,"column":null}},"9":{"start":{"line":33,"column":34},"end":{"line":33,"column":null}},"10":{"start":{"line":34,"column":40},"end":{"line":34,"column":null}},"11":{"start":{"line":35,"column":32},"end":{"line":35,"column":null}},"12":{"start":{"line":36,"column":8},"end":{"line":36,"column":null}},"13":{"start":{"line":37,"column":24},"end":{"line":37,"column":null}},"14":{"start":{"line":38,"column":8},"end":{"line":38,"column":null}},"15":{"start":{"line":39,"column":22},"end":{"line":39,"column":null}},"16":{"start":{"line":41,"column":62},"end":{"line":41,"column":null}},"17":{"start":{"line":42,"column":42},"end":{"line":42,"column":null}},"18":{"start":{"line":43,"column":29},"end":{"line":45,"column":null}},"19":{"start":{"line":47,"column":2},"end":{"line":49,"column":null}},"20":{"start":{"line":48,"column":4},"end":{"line":48,"column":null}},"21":{"start":{"line":51,"column":8},"end":{"line":80,"column":null}},"22":{"start":{"line":52,"column":17},"end":{"line":52,"column":null}},"23":{"start":{"line":53,"column":4},"end":{"line":55,"column":null}},"24":{"start":{"line":54,"column":6},"end":{"line":54,"column":null}},"25":{"start":{"line":56,"column":4},"end":{"line":56,"column":null}},"26":{"start":{"line":59,"column":4},"end":{"line":59,"column":null}},"27":{"start":{"line":61,"column":16},"end":{"line":61,"column":null}},"28":{"start":{"line":62,"column":4},"end":{"line":75,"column":null}},"29":{"start":{"line":63,"column":20},"end":{"line":63,"column":null}},"30":{"start":{"line":64,"column":6},"end":{"line":74,"column":null}},"31":{"start":{"line":65,"column":8},"end":{"line":65,"column":null}},"32":{"start":{"line":66,"column":6},"end":{"line":74,"column":null}},"33":{"start":{"line":67,"column":8},"end":{"line":67,"column":null}},"34":{"start":{"line":68,"column":6},"end":{"line":74,"column":null}},"35":{"start":{"line":69,"column":8},"end":{"line":69,"column":null}},"36":{"start":{"line":70,"column":6},"end":{"line":74,"column":null}},"37":{"start":{"line":71,"column":8},"end":{"line":71,"column":null}},"38":{"start":{"line":73,"column":8},"end":{"line":73,"column":null}},"39":{"start":{"line":76,"column":4},"end":{"line":76,"column":null}},"40":{"start":{"line":77,"column":4},"end":{"line":77,"column":null}},"41":{"start":{"line":78,"column":4},"end":{"line":78,"column":null}},"42":{"start":{"line":79,"column":4},"end":{"line":79,"column":null}},"43":{"start":{"line":82,"column":8},"end":{"line":106,"column":null}},"44":{"start":{"line":83,"column":4},"end":{"line":85,"column":null}},"45":{"start":{"line":84,"column":6},"end":{"line":84,"column":null}},"46":{"start":{"line":87,"column":4},"end":{"line":89,"column":null}},"47":{"start":{"line":88,"column":6},"end":{"line":88,"column":null}},"48":{"start":{"line":91,"column":4},"end":{"line":91,"column":null}},"49":{"start":{"line":93,"column":4},"end":{"line":105,"column":null}},"50":{"start":{"line":94,"column":6},"end":{"line":101,"column":null}},"51":{"start":{"line":103,"column":6},"end":{"line":103,"column":null}},"52":{"start":{"line":104,"column":6},"end":{"line":104,"column":null}},"53":{"start":{"line":108,"column":20},"end":{"line":117,"column":null}},"54":{"start":{"line":110,"column":22},"end":{"line":110,"column":null}},"55":{"start":{"line":111,"column":4},"end":{"line":114,"column":null}},"56":{"start":{"line":112,"column":6},"end":{"line":112,"column":null}},"57":{"start":{"line":113,"column":6},"end":{"line":113,"column":null}},"58":{"start":{"line":116,"column":4},"end":{"line":116,"column":null}},"59":{"start":{"line":119,"column":8},"end":{"line":128,"column":null}},"60":{"start":{"line":120,"column":25},"end":{"line":120,"column":null}},"61":{"start":{"line":121,"column":27},"end":{"line":121,"column":null}},"62":{"start":{"line":123,"column":6},"end":{"line":123,"column":null}},"63":{"start":{"line":125,"column":4},"end":{"line":125,"column":null}},"64":{"start":{"line":126,"column":4},"end":{"line":126,"column":null}},"65":{"start":{"line":127,"column":4},"end":{"line":127,"column":null}},"66":{"start":{"line":130,"column":8},"end":{"line":130,"column":null}},"67":{"start":{"line":131,"column":2},"end":{"line":133,"column":null}},"68":{"start":{"line":132,"column":4},"end":{"line":132,"column":null}},"69":{"start":{"line":135,"column":26},"end":{"line":137,"column":null}},"70":{"start":{"line":136,"column":4},"end":{"line":136,"column":null}},"71":{"start":{"line":139,"column":2},"end":{"line":142,"column":null}},"72":{"start":{"line":140,"column":21},"end":{"line":140,"column":null}},"73":{"start":{"line":141,"column":4},"end":{"line":141,"column":null}},"74":{"start":{"line":144,"column":2},"end":{"line":147,"column":null}},"75":{"start":{"line":145,"column":4},"end":{"line":145,"column":null}},"76":{"start":{"line":145,"column":15},"end":{"line":145,"column":null}},"77":{"start":{"line":146,"column":4},"end":{"line":146,"column":null}},"78":{"start":{"line":149,"column":2},"end":{"line":167,"column":null}},"79":{"start":{"line":150,"column":4},"end":{"line":166,"column":null}},"80":{"start":{"line":151,"column":6},"end":{"line":151,"column":null}},"81":{"start":{"line":152,"column":23},"end":{"line":154,"column":null}},"82":{"start":{"line":153,"column":8},"end":{"line":153,"column":null}},"83":{"start":{"line":153,"column":22},"end":{"line":153,"column":27}},"84":{"start":{"line":156,"column":22},"end":{"line":160,"column":null}},"85":{"start":{"line":157,"column":8},"end":{"line":159,"column":null}},"86":{"start":{"line":158,"column":10},"end":{"line":158,"column":null}},"87":{"start":{"line":162,"column":6},"end":{"line":165,"column":null}},"88":{"start":{"line":163,"column":8},"end":{"line":163,"column":null}},"89":{"start":{"line":164,"column":8},"end":{"line":164,"column":null}},"90":{"start":{"line":169,"column":2},"end":{"line":190,"column":null}},"91":{"start":{"line":170,"column":4},"end":{"line":189,"column":null}},"92":{"start":{"line":171,"column":24},"end":{"line":171,"column":null}},"93":{"start":{"line":172,"column":6},"end":{"line":175,"column":null}},"94":{"start":{"line":173,"column":8},"end":{"line":173,"column":null}},"95":{"start":{"line":174,"column":8},"end":{"line":174,"column":null}},"96":{"start":{"line":174,"column":40},"end":{"line":174,"column":84}},"97":{"start":{"line":177,"column":20},"end":{"line":182,"column":null}},"98":{"start":{"line":179,"column":10},"end":{"line":179,"column":null}},"99":{"start":{"line":184,"column":6},"end":{"line":184,"column":null}},"100":{"start":{"line":184,"column":19},"end":{"line":184,"column":null}},"101":{"start":{"line":185,"column":4},"end":{"line":189,"column":null}},"102":{"start":{"line":186,"column":6},"end":{"line":188,"column":null}},"103":{"start":{"line":187,"column":8},"end":{"line":187,"column":null}},"104":{"start":{"line":192,"column":24},"end":{"line":192,"column":null}},"105":{"start":{"line":193,"column":8},"end":{"line":193,"column":null}},"106":{"start":{"line":195,"column":17},"end":{"line":198,"column":null}},"107":{"start":{"line":196,"column":4},"end":{"line":196,"column":null}},"108":{"start":{"line":197,"column":4},"end":{"line":197,"column":null}},"109":{"start":{"line":200,"column":2},"end":{"line":494,"column":null}},"110":{"start":{"line":391,"column":37},"end":{"line":391,"column":null}},"111":{"start":{"line":396,"column":24},"end":{"line":398,"column":null}},"112":{"start":{"line":397,"column":26},"end":{"line":397,"column":null}}},"fnMap":{"0":{"name":"(anonymous_0)","decl":{"start":{"line":20,"column":24},"end":{"line":20,"column":25}},"loc":{"start":{"line":20,"column":67},"end":{"line":26,"column":null}},"line":20},"1":{"name":"FlashGame","decl":{"start":{"line":28,"column":16},"end":{"line":28,"column":28}},"loc":{"start":{"line":28,"column":28},"end":{"line":496,"column":null}},"line":28},"2":{"name":"(anonymous_2)","decl":{"start":{"line":47,"column":12},"end":{"line":47,"column":18}},"loc":{"start":{"line":47,"column":18},"end":{"line":49,"column":5}},"line":47},"3":{"name":"(anonymous_3)","decl":{"start":{"line":51,"column":38},"end":{"line":51,"column":44}},"loc":{"start":{"line":51,"column":44},"end":{"line":80,"column":5}},"line":51},"4":{"name":"(anonymous_4)","decl":{"start":{"line":62,"column":17},"end":{"line":62,"column":18}},"loc":{"start":{"line":62,"column":32},"end":{"line":75,"column":5}},"line":62},"5":{"name":"(anonymous_5)","decl":{"start":{"line":82,"column":31},"end":{"line":82,"column":38}},"loc":{"start":{"line":82,"column":67},"end":{"line":106,"column":5}},"line":82},"6":{"name":"(anonymous_6)","decl":{"start":{"line":108,"column":20},"end":{"line":108,"column":26}},"loc":{"start":{"line":108,"column":26},"end":{"line":117,"column":null}},"line":108},"7":{"name":"(anonymous_7)","decl":{"start":{"line":111,"column":26},"end":{"line":111,"column":32}},"loc":{"start":{"line":111,"column":32},"end":{"line":114,"column":5}},"line":111},"8":{"name":"(anonymous_8)","decl":{"start":{"line":114,"column":13},"end":{"line":114,"column":19}},"loc":{"start":{"line":114,"column":19},"end":{"line":114,"column":22}},"line":114},"9":{"name":"(anonymous_9)","decl":{"start":{"line":119,"column":37},"end":{"line":119,"column":43}},"loc":{"start":{"line":119,"column":43},"end":{"line":128,"column":5}},"line":119},"10":{"name":"(anonymous_10)","decl":{"start":{"line":131,"column":12},"end":{"line":131,"column":18}},"loc":{"start":{"line":131,"column":18},"end":{"line":133,"column":5}},"line":131},"11":{"name":"(anonymous_11)","decl":{"start":{"line":135,"column":26},"end":{"line":135,"column":32}},"loc":{"start":{"line":135,"column":32},"end":{"line":137,"column":null}},"line":135},"12":{"name":"(anonymous_12)","decl":{"start":{"line":139,"column":12},"end":{"line":139,"column":18}},"loc":{"start":{"line":139,"column":18},"end":{"line":142,"column":5}},"line":139},"13":{"name":"(anonymous_13)","decl":{"start":{"line":144,"column":12},"end":{"line":144,"column":18}},"loc":{"start":{"line":144,"column":18},"end":{"line":147,"column":5}},"line":144},"14":{"name":"(anonymous_14)","decl":{"start":{"line":149,"column":12},"end":{"line":149,"column":18}},"loc":{"start":{"line":149,"column":18},"end":{"line":167,"column":5}},"line":149},"15":{"name":"(anonymous_15)","decl":{"start":{"line":152,"column":35},"end":{"line":152,"column":41}},"loc":{"start":{"line":152,"column":41},"end":{"line":154,"column":9}},"line":152},"16":{"name":"(anonymous_16)","decl":{"start":{"line":153,"column":17},"end":{"line":153,"column":22}},"loc":{"start":{"line":153,"column":22},"end":{"line":153,"column":27}},"line":153},"17":{"name":"(anonymous_17)","decl":{"start":{"line":156,"column":33},"end":{"line":156,"column":39}},"loc":{"start":{"line":156,"column":39},"end":{"line":160,"column":9}},"line":156},"18":{"name":"(anonymous_18)","decl":{"start":{"line":162,"column":13},"end":{"line":162,"column":19}},"loc":{"start":{"line":162,"column":19},"end":{"line":165,"column":null}},"line":162},"19":{"name":"(anonymous_19)","decl":{"start":{"line":169,"column":12},"end":{"line":169,"column":18}},"loc":{"start":{"line":169,"column":18},"end":{"line":190,"column":5}},"line":169},"20":{"name":"(anonymous_20)","decl":{"start":{"line":174,"column":31},"end":{"line":174,"column":40}},"loc":{"start":{"line":174,"column":40},"end":{"line":174,"column":84}},"line":174},"21":{"name":"(anonymous_21)","decl":{"start":{"line":178,"column":8},"end":{"line":178,"column":14}},"loc":{"start":{"line":178,"column":1
[...]
":12},"end":{"line":26,"column":null}},"1":{"start":{"line":31,"column":0},"end":{"line":50,"column":null}},"2":{"start":{"line":33,"column":25},"end":{"line":33,"column":null}},"3":{"start":{"line":34,"column":18},"end":{"line":34,"column":null}},"4":{"start":{"line":36,"column":4},"end":{"line":42,"column":null}},"5":{"start":{"line":37,"column":6},"end":{"line":37,"column":null}},"6":{"start":{"line":39,"column":6},"end":{"line":39,"column":null}},"7":{"start":{"line":41,"column":6},"end":{"line":41,"column":null}},"8":{"start":{"line":44,"column":4},"end":{"line":44,"column":null}},"9":{"start":{"line":47,"column":4},"end":{"line":47,"column":null}},"10":{"start":{"line":48,"column":4},"end":{"line":48,"column":null}},"11":{"start":{"line":55,"column":0},"end":{"line":65,"column":null}},"12":{"start":{"line":58,"column":4},"end":{"line":58,"column":null}},"13":{"start":{"line":62,"column":4},"end":{"line":62,"column":null}},"14":{"start":{"line":63,"column":4},"end":{"line":63,"column":null}},"15":{"start":{"line":82,"column":2},"end":{"line":116,"column":null}},"16":{"start":{"line":83,"column":39},"end":{"line":83,"column":null}},"17":{"start":{"line":85,"column":4},"end":{"line":89,"column":null}},"18":{"start":{"line":91,"column":23},"end":{"line":91,"column":null}},"19":{"start":{"line":94,"column":23},"end":{"line":94,"column":null}},"20":{"start":{"line":96,"column":4},"end":{"line":109,"column":null}},"21":{"start":{"line":98,"column":6},"end":{"line":102,"column":null}},"22":{"start":{"line":103,"column":4},"end":{"line":109,"column":null}},"23":{"start":{"line":105,"column":6},"end":{"line":105,"column":null}},"24":{"start":{"line":108,"column":6},"end":{"line":108,"column":null}},"25":{"start":{"line":111,"column":4},"end":{"line":115,"column":null}},"26":{"start":{"line":122,"column":25},"end":{"line":137,"column":null}},"27":{"start":{"line":124,"column":4},"end":{"line":124,"column":null}},"28":{"start":{"line":127,"column":4},"end":{"line":127,"column":null}},"29":{"start":{"line":130,"column":4},"end":{"line":130,"column":null}},"30":{"start":{"line":133,"column":4},"end":{"line":133,"column":null}},"31":{"start":{"line":136,"column":4},"end":{"line":136,"column":null}},"32":{"start":{"line":139,"column":33},"end":{"line":202,"column":null}},"33":{"start":{"line":140,"column":24},"end":{"line":140,"column":null}},"34":{"start":{"line":142,"column":2},"end":{"line":201,"column":null}},"35":{"start":{"line":143,"column":4},"end":{"line":143,"column":null}},"36":{"start":{"line":144,"column":2},"end":{"line":201,"column":null}},"37":{"start":{"line":147,"column":19},"end":{"line":147,"column":null}},"38":{"start":{"line":149,"column":4},"end":{"line":192,"column":null}},"39":{"start":{"line":152,"column":8},"end":{"line":152,"column":null}},"40":{"start":{"line":153,"column":8},"end":{"line":153,"column":null}},"41":{"start":{"line":154,"column":44},"end":{"line":154,"column":null}},"42":{"start":{"line":155,"column":8},"end":{"line":155,"column":null}},"43":{"start":{"line":156,"column":8},"end":{"line":156,"column":null}},"44":{"start":{"line":159,"column":8},"end":{"line":164,"column":null}},"45":{"start":{"line":163,"column":10},"end":{"line":163,"column":null}},"46":{"start":{"line":165,"column":8},"end":{"line":165,"column":null}},"47":{"start":{"line":171,"column":8},"end":{"line":171,"column":null}},"48":{"start":{"line":172,"column":8},"end":{"line":172,"column":null}},"49":{"start":{"line":177,"column":8},"end":{"line":177,"column":null}},"50":{"start":{"line":178,"column":8},"end":{"line":178,"column":null}},"51":{"start":{"line":186,"column":8},"end":{"line":186,"column":null}},"52":{"start":{"line":187,"column":8},"end":{"line":187,"column":null}},"53":{"start":{"line":191,"column":8},"end":{"line":191,"column":null}},"54":{"start":{"line":193,"column":2},"end":{"line":201,"column":null}},"55":{"start":{"line":196,"column":4},"end":{"line":196,"column":null}},"56":{"start":{"line":200,"column":4},"end":{"line":200,"column":null}},"57":{"start":{"line":204,"column":19},"end":{"line":218,"column":null}},"58":{"start":{"line":205,"column":2},"end":{"line":217,"column":null}},"59":{"start":{"line":213,"column":6},"end":{"line":213,"column":null}},"60":{"start":{"line":214,"column":6},"end":{"line":214,"column":null}},"61":{"start":{"line":216,"column":13},"end":{"line":216,"column":null}}},"fnMap":{"0":{"name":"(anonymous_0)","decl":{"start":{"line":32,"column":2},"end":{"line":32,"column":9}},"loc":{"start":{"line":32,"column":20},"end":{"line":45,"column":null}},"line":32},"1":{"name":"(anonymous_1)","decl":{"start":{"line":46,"column":2},"end":{"line":46,"column":3}},"loc":{"start":{"line":46,"column":13},"end":{"line":49,"column":null}},"line":46},"2":{"name":"(anonymous_2)","decl":{"start":{"line":56,"column":2},"end":{"line":56,"column":3}},"loc":{"start":{"line":56,"column":16},"end":{"line":59,"column":null}},"line":56},"3":{"name":"(anonymous_3)","decl":{"start":{"line":60,"column":2},"end":{"line":60,"column":3}},"loc":{"start":{"line":60,"column":13},"end":{"line":64,"column":null}},"line":60},"4":{"name":"http","decl":{"start":{"line":79,"column":22},"end":{"line":79,"column":null}},"loc":{"start":{"line":81,"column":27},"end":{"line":117,"column":null}},"line":81},"5":{"name":"(anonymous_5)","decl":{"start":{"line":123,"column":7},"end":{"line":123,"column":11}},"loc":{"start":{"line":124,"column":4},"end":{"line":124,"column":null}},"line":124},"6":{"name":"(anonymous_6)","decl":{"start":{"line":126,"column":8},"end":{"line":126,"column":12}},"loc":{"start":{"line":127,"column":4},"end":{"line":127,"column":null}},"line":127},"7":{"name":"(anonymous_7)","decl":{"start":{"line":129,"column":7},"end":{"line":129,"column":11}},"loc":{"start":{"line":130,"column":4},"end":{"line":130,"column":null}},"line":130},"8":{"name":"(anonymous_8)","decl":{"start":{"line":132,"column":9},"end":{"line":132,"column":13}},"loc":{"start":{"line":133,"column":4},"end":{"line":133,"column":null}},"line":133},"9":{"name":"(anonymous_9)","decl":{"start":{"line":135,"column":10},"end":{"line":135,"column":14}},"loc":{"start":{"line":136,"column":4},"end":{"line":136,"column":null}},"line":136},"10":{"name":"(anonymous_10)","decl":{"start":{"line":139,"column":33},"end":{"line":139,"column":40}},"loc":{"start":{"line":139,"column":55},"end":{"line":202,"column":null}},"line":139},"11":{"name":"(anonymous_11)","decl":{"start":{"line":204,"column":19},"end":{"line":204,"column":20}},"loc":{"start":{"line":204,"column":43},"end":{"line":218,"column":null}},"line":204}},"branchMap":{"0":{"loc":{"start":{"line":34,"column":18},"end":{"line":34,"column":null}},"type":"cond-expr","locations":[{"start":{"line":34,"column":33},"end":{"line":34,"column":71}},{"start":{"line":34,"column":71},"end":{"line":34,"column":null}}],"line":34},"1":{"loc":{"start":{"line":36,"column":4},"end":{"line":42,"column":null}},"type":"if","locations":[{"start":{"line":36,"column":4},"end":{"line":42,"column":null}},{"start":{},"end":{}}],"line":36},"2":{"loc":{"start":{"line":96,"column":4},"end":{"line":109,"column":null}},"type":"if","locations":[{"start":{"line":96,"column":4},"end":{"line":109,"column":null}},{"start":{"line":103,"column":4},"end":{"line":109,"column":null}}],"line":96},"3":{"loc":{"start":{"line":99,"column":8},"end":{"line":102,"column":null}},"type":"binary-expr","locations":[{"start":{"line":99,"column":8},"end":{"line":99,"column":null}},{"start":{"line":100,"column":8},"end":{"line":100,"column":null}},{"start":{"line":101,"column":8},"end":{"line":101,"column":null}},{"start":{"line":102,"column":8},"end":{"line":102,"column":null}}],"line":99},"4":{"loc":{"start":{"line":103,"column":4},"end":{"line":109,"column":null}},"type":"if","locations":[{"start":{"line":103,"column":4},"end":{"line":109,"column":null}},{"start":{"line":106,"column":11},"end":{"line":109,"column":null}}],"line":103},"5":{"loc":{"start":{"line":108,"column":21},"end":{"line":108,"column":null}},"type":"binary-expr","locations":[{"start":{"line":108,"column":21},"end":{"line":108,"column":43}},{"start":{"line":108,"column":43},"end":{"line":108,"column":null}}],"line":108},"6":{"loc":{"start":{"line":142,"column":2},"end":{"line":201,"column":null}},"type":"if","locations":[{"start":{"line":142,"column":2},"end":{"line":201,"column":null}},{"start":{"line":144,"column":2},"end":{"line":201,"column":null}}],"line":142},"7":{"loc":{"start":{"line":144,"column":2},"end":{"line":201,"column":null}},"type":"if","locations":[{"start":{"line":144,"column":2},"end":{"line":201,"column":null}},{"start":{"line":193,"column":2},"end":{"line":201,"column":null}}],"line":144},"8":{"loc":{"start":{"line":149,"column":4},"end":{"line":192,"column":null}},"type":"switch","locations":[{"start":{"line":150,"column":6},"end":{"line":166,"column":null}},{"start":{"line":168,"column":6},"end":{"line":172,"column":null}},{"start":{"line":174,"column":6},"end":{"line":178,"column":null}},{"start":{"line":180,"column":6},"end":{"line":180,"column":null}},{"start":{"line":181,"column":6},"end":{"line":181,"column":null}},{"start":{"line":182,"column":6},"end":{"line":182,"column":null}},{"start":{"line":183,"column":6},"end":{"line":187,"column":null}},{"start":{"line":189,"column":6},"end":{"line":191,"column":null}}],"line":149},"9":{"loc":{"start":{"line":159,"column":8},"end":{"line":164,"column":null}},"type":"if","locations":[{"start":{"line":159,"column":8},"end":{"line":164,"column":null}},{"start":{},"end":{}}],"line":159},"10":{"loc":{"start":{"line":160,"column":10},"end":{"line":161,"column":null}},"type":"binary-expr","locations":[{"start":{"line":160,"column":10},"end":{"line":160,"column":null}},{"start":{"line":161,"column":10},"end":{"line":161,"column":null}}],"line":160},"11":{"loc":{"start":{"line":193,"column":2},"end":{"line":201,"column":null}},"type":"if","locations":[{"start":{"line":193,"column":2},"end":{"line":201,"column":null}},{"start":{"line":197,"column":9},"end":{"line":201,"column":null}}],"line":193},"12":{"loc":{"start":{"line":205,"column":2},"end":{"line":217,"column":null}},"type":"switch","locations":[{"start":{"line":206,"column":4},"end":{"line":215,"column":null}},{"start":{"line":216,"column":4},"end":{"line":216,"column":null}}],"line":205}},"s":{"0":3,"1":3,"2":0,"3":0,"4":0,"5":0,"6":0,"7":0,"8":0,"9":0,"10":0,"11":3,"12":0,"13":0,"14":0,"15":4,"16":4,"17":2,"18":2,"19":2,"20":2,"21":1,"22":1,"23":1,"24":0,"25":2,"26":3,"27":1,"28":0,"29":0,"30":0,"31":0,"32":3,"33":0,"34":0,"35":0,"36":0,"37":0,"38":0,"39":0,"40":0,"41":0,"42":0,"43":0,"44":0,"45":0,"46":0,"47":0,"48":0,"49":0,"50":0,"51":0,"52":0,"53":0,"54":0,"55":0,"56":0,"57":3,"58":0,"59":0,"60":0,"61":0},"f":{"0":0,"1":0,"2":0,"3":0,"4":4,"5":1,"6":0,"7":0,"8":0,"9":0,"10":0,"11":0},"b":{"0":[0,0],"1":[0,0],"2":[1,1],"3":[1,0,0,0],"4":[1,0],"5":[0,0],"6":[0,0],"7":[0,0],"8":[0,0,0,0,0,0,0,0],"9":[0,0],"10":[0,0],"11":[0,0],"12":[0,0]},"meta":{"lastBranch":13,"lastFunction":12,"lastStatement":62,"seen":{"s:20:12:26:Infinity":0,"s:31:0:50:Infinity":1,"f:32:2:32:9":0,"s:33:25:33:Infinity":2,"s:34:18:34:Infinity":3,"b:34:33:34:71:34:71:34:Infinity":0,"b:36:4:42:Infinity:undefined:undefined:undefined:undefined":1,"s:36:4:42:Infinity":4,"s:37:6:37:Infinity":5,"s:39:6:39:Infinity":6,"s:41:6:41:Infinity":7,"s:44:4:44:Infinity":8,"f:46:2:46:3":1,"s:47:4:47:Infinity":9,"s:48:4:48:Infinity":10,"s:55:0:65:Infinity":11,"f:56:2:56:3":2,"s:58:4:58:Infinity":12,"f:60:2:60:3":3,"s:62:4:62:Infinity":13,"s:63:4:63:Infinity":14,"f:79:22:79:Infinity":4,"s:82:2:116:Infinity":15,"s:83:39:83:Infinity":16,"s:85:4:89:Infinity":17,"s:91:23:91:Infinity":18,"s:94:23:94:Infinity":19,"b:96:4:109:Infinity:103:4:109:Infinity":2,"s:96:4:109:Infinity":20,"s:98:6:102:Infinity":21,"b:99:8:99:Infinity:100:8:100:Infinity:101:8:101:Infinity:102:8:102:Infinity":3,"b:103:4:109:Infinity:106:11:109:Infinity":4,"s:103:4:109:Infinity":22,"s:105:6:105:Infinity":23,"s:108:6:108:Infinity":24,"b:108:21:108:43:108:43:108:Infinity":5,"s:111:4:115:Infinity":25,"s:122:25:137:Infinity":26,"f:123:7:123:11":5,"s:124:4:124:Infinity":27,"f:126:8:126:12":6,"s:127:4:127:Infinity":28,"f:129:7:129:11":7,"s:130:4:130:Infinity":29,"f:132:9:132:13":8,"s:133:4:133:Infinity":30,"f:135:10:135:14":9,"s:136:4:136:Infinity":31,"s:139:33:202:Infinity":32,"f:139:33:139:40":10,"s:140:24:140:Infinity":33,"b:142:2:201:Infinity:144:2:201:Infinity":6,"s:142:2:201:Infinity":34,"s:143:4:143:Infinity":35,"b:144:2:201:Infinity:193:2:201:Infinity":7,"s:144:2:201:Infinity":36,"s:147:19:147:Infinity":37,"b:150:6:166:Infinity:168:6:172:Infinity:174:6:178:Infinity:180:6:180:Infinity:181:6:181:Infinity:182:6:182:Infinity:183:6:187:Infinity:189:6:191:Infinity":8,"s:149:4:192:Infinity":38,"s:152:8:152:Infinity":39,"s:153:8:153:Infinity":40,"s:154:44:154:Infinity":41,"s:155:8:155:Infinity":42,"s:156:8:156:Infinity":43,"b:159:8:164:Infinity:undefined:undefined:undefined:undefined":9,"s:159:8:164:Infinity":44,"b:160:10:160:Infinity:161:10:161:Infinity":10,"s:163:10:163:Infinity":45,"s:165:8:165:Infinity":46,"s:171:8:171:Infinity":47,"s:172:8:172:Infinity":48,"s:177:8:177:Infinity":49,"s:178:8:178:Infinity":50,"s:186:8:186:Infinity":51,"s:187:8:187:Infinity":52,"s:191:8:191:Infinity":53,"b:193:2:201:Infinity:197:9:201:Infinity":11,"s:193:2:201:Infinity":54,"s:196:4:196:Infinity":55,"s:200:4:200:Infinity":56,"s:204:19:218:Infinity":57,"f:204:19:204:20":11,"b:206:4:215:Infinity:216:4:216:Infinity":12,"s:205:2:217:Infinity":58,"s:213:6:213:Infinity":59,"s:214:6:214:Infinity":60,"s:216:13:216:Infinity":61}}}
,"/Users/user/Documents/Workspace/Mental Math Master App/code latest/mental-math-master/mental-math-master-ui/src/utils/apiurl.ts": {"path":"/Users/user/Documents/Workspace/Mental Math Master App/code latest/mental-math-master/mental-math-master-ui/src/utils/apiurl.ts","statementMap":{"0":{"start":{"line":1,"column":15},"end":{"line":32,"column":null}}},"fnMap":{},"branchMap":{},"s":{"0":6},"f":{},"b":{},"meta":{"lastBranch":0,"lastFunction":0,"lastStatement":1,"seen":{"s:1:15:32:Infinity":0}}}
,"/Users/user/Documents/Workspace/Mental Math Master App/code latest/mental-math-master/mental-math-master-ui/src/utils/constants.ts": {"path":"/Users/user/Documents/Workspace/Mental Math Master App/code latest/mental-math-master/mental-math-master-ui/src/utils/constants.ts","statementMap":{"0":{"start":{"line":1,"column":18},"end":{"line":21,"column":null}}},"fnMap":{},"branchMap":{},"s":{"0":4},"f":{},"b":{},"meta":{"lastBranch":0,"lastFunction":0,"lastStatement":1,"seen":{"s:1:18:21:Infinity":0}}}
,"/Users/user/Documents/Workspace/Mental Math Master App/code latest/mental-math-master/mental-math-master-ui/src/utils/formatters.ts": {"path":"/Users/user/Documents/Workspace/Mental Math Master App/code latest/mental-math-master/mental-math-master-ui/src/utils/formatters.ts","statementMap":{"0":{"start":{"line":1,"column":26},"end":{"line":6,"column":null}},"1":{"start":{"line":2,"column":2},"end":{"line":2,"column":null}},"2":{"start":{"line":2,"column":19},"end":{"line":2,"column":null}},"3":{"start":{"line":3,"column":18},"end":{"line":3,"column":null}},"4":{"start":{"line":4,"column":27},"end":{"line":4,"column":null}},"5":{"start":{"line":5,"column":2},"end":{"line":5,"column":null}}},"fnMap":{"0":{"name":"(anonymous_0)","decl":{"start":{"line":1,"column":26},"end":{"line":1,"column":27}},"loc":{"start":{"line":1,"column":55},"end":{"line":6,"column":null}},"line":1}},"branchMap":{"0":{"loc":{"start":{"line":2,"column":2},"end":{"line":2,"column":null}},"type":"if","locations":[{"start":{"line":2,"column":2},"end":{"line":2,"column":null}},{"start":{},"end":{}}],"line":2}},"s":{"0":1,"1":11,"2":2,"3":9,"4":9,"5":9},"f":{"0":11},"b":{"0":[2,9]},"meta":{"lastBranch":1,"lastFunction":1,"lastStatement":6,"seen":{"s:1:26:6:Infinity":0,"f:1:26:1:27":0,"b:2:2:2:Infinity:undefined:undefined:undefined:undefined":0,"s:2:2:2:Infinity":1,"s:2:19:2:Infinity":2,"s:3:18:3:Infinity":3,"s:4:27:4:Infinity":4,"s:5:2:5:Infinity":5}}}
,"/Users/user/Documents/Workspace/Mental Math Master App/code latest/mental-math-master/mental-math-master-ui/src/utils/time.ts": {"path":"/Users/user/Documents/Workspace/Mental Math Master App/code latest/mental-math-master/mental-math-master-ui/src/utils/time.ts","statementMap":{"0":{"start":{"line":1,"column":41},"end":{"line":22,"column":null}},"1":{"start":{"line":2,"column":2},"end":{"line":2,"column":null}},"2":{"start":{"line":2,"column":13},"end":{"line":2,"column":null}},"3":{"start":{"line":4,"column":20},"end":{"line":4,"column":null}},"4":{"start":{"line":5,"column":2},"end":{"line":5,"column":null}},"5":{"start":{"line":5,"column":31},"end":{"line":5,"column":null}},"6":{"start":{"line":7,"column":24},"end":{"line":7,"column":null}},"7":{"start":{"line":8,"column":2},"end":{"line":8,"column":null}},"8":{"start":{"line":8,"column":27},"end":{"line":8,"column":null}},"9":{"start":{"line":10,"column":2},"end":{"line":13,"column":null}},"10":{"start":{"line":11,"column":27},"end":{"line":11,"column":null}},"11":{"start":{"line":12,"column":4},"end":{"line":12,"column":null}},"12":{"start":{"line":15,"column":22},"end":{"line":15,"column":null}},"13":{"start":{"line":16,"column":2},"end":{"line":18,"column":null}},"14":{"start":{"line":17,"column":4},"end":{"line":17,"column":null}},"15":{"start":{"line":20,"column":21},"end":{"line":20,"column":null}},"16":{"start":{"line":21,"column":2},"end":{"line":21,"column":null}}},"fnMap":{"0":{"name":"(anonymous_0)","decl":{"start":{"line":1,"column":41},"end":{"line":1,"column":42}},"loc":{"start":{"line":1,"column":60},"end":{"line":22,"column":null}},"line":1}},"branchMap":{"0":{"loc":{"start":{"line":2,"column":2},"end":{"line":2,"column":null}},"type":"if","locations":[{"start":{"line":2,"column":2},"end":{"line":2,"column":null}},{"start":{},"end":{}}],"line":2},"1":{"loc":{"start":{"line":5,"column":2},"end":{"line":5,"column":null}},"type":"if","locations":[{"start":{"line":5,"column":2},"end":{"line":5,"column":null}},{"start":{},"end":{}}],"line":5},"2":{"loc":{"start":{"line":8,"column":2},"end":{"line":8,"column":null}},"type":"if","locations":[{"start":{"line":8,"column":2},"end":{"line":8,"column":null}},{"start":{},"end":{}}],"line":8},"3":{"loc":{"start":{"line":10,"column":2},"end":{"line":13,"column":null}},"type":"if","locations":[{"start":{"line":10,"column":2},"end":{"line":13,"column":null}},{"start":{},"end":{}}],"line":10},"4":{"loc":{"start":{"line":16,"column":2},"end":{"line":18,"column":null}},"type":"if","locations":[{"start":{"line":16,"column":2},"end":{"line":18,"column":null}},{"start":{},"end":{}}],"line":16},"5":{"loc":{"start":{"line":21,"column":29},"end":{"line":21,"column":54}},"type":"cond-expr","locations":[{"start":{"line":21,"column":46},"end":{"line":21,"column":52}},{"start":{"line":21,"column":52},"end":{"line":21,"column":54}}],"line":21}},"s":{"0":2,"1":17,"2":1,"3":16,"4":16,"5":1,"6":15,"7":15,"8":6,"9":9,"10":6,"11":6,"12":3,"13":3,"14":1,"15":2,"16":2},"f":{"0":17},"b":{"0":[1,16],"1":[1,15],"2":[6,9],"3":[6,3],"4":[1,2],"5":[1,1]},"meta":{"lastBranch":6,"lastFunction":1,"lastStatement":17,"seen":{"s:1:41:22:Infinity":0,"f:1:41:1:42":0,"b:2:2:2:Infinity:undefined:undefined:undefined:undefined":0,"s:2:2:2:Infinity":1,"s:2:13:2:Infinity":2,"s:4:20:4:Infinity":3,"b:5:2:5:Infinity:undefined:undefined:undefined:undefined":1,"s:5:2:5:Infinity":4,"s:5:31:5:Infinity":5,"s:7:24:7:Infinity":6,"b:8:2:8:Infinity:undefined:undefined:undefined:undefined":2,"s:8:2:8:Infinity":7,"s:8:27:8:Infinity":8,"b:10:2:13:Infinity:undefined:undefined:undefined:undefined":3,"s:10:2:13:Infinity":9,"s:11:27:11:Infinity":10,"s:12:4:12:Infinity":11,"s:15:22:15:Infinity":12,"b:16:2:18:Infinity:undefined:undefined:undefined:undefined":4,"s:16:2:18:Infinity":13,"s:17:4:17:Infinity":14,"s:20:21:20:Infinity":15,"s:21:2:21:Infinity":16,"b:21:46:21:52:21:52:21:54":5}}}
}
